{"/home/travis/build/npmtest/node-npmtest-jszip/test.js":{"path":"/home/travis/build/npmtest/node-npmtest-jszip/test.js","s":{"1":2,"2":2,"3":2,"4":2,"5":2,"6":2,"7":2,"8":1,"9":2,"10":2,"11":1,"12":1,"13":1,"14":1,"15":2,"16":2,"17":2,"18":2,"19":1,"20":1,"21":2,"22":2,"23":2,"24":1,"25":1,"26":1,"27":1,"28":1,"29":1,"30":1,"31":1,"32":1,"33":1,"34":1,"35":1,"36":1,"37":1,"38":1,"39":2,"40":2,"41":1,"42":2,"43":2,"44":1,"45":2,"46":2,"47":1,"48":2,"49":2,"50":1,"51":1,"52":1,"53":1,"54":1},"b":{"1":[2,1,1,1],"2":[1,1,1,1],"3":[1,1],"4":[1,1],"5":[1,1],"6":[1,1],"7":[1,1],"8":[1,1],"9":[1,1],"10":[1,1,1],"11":[1,1],"12":[1,1],"13":[1,1],"14":[1,1],"15":[1,1],"16":[1,1],"17":[1,1]},"f":{"1":2,"2":2,"3":2,"4":2,"5":2,"6":1,"7":1,"8":1,"9":2,"10":2,"11":2,"12":2,"13":1},"fnMap":{"1":{"name":"(anonymous_1)","line":12,"loc":{"start":{"line":12,"column":1},"end":{"line":12,"column":13}}},"2":{"name":"(anonymous_2)","line":19,"loc":{"start":{"line":19,"column":5},"end":{"line":19,"column":17}}},"3":{"name":"(anonymous_3)","line":23,"loc":{"start":{"line":23,"column":24},"end":{"line":23,"column":36}}},"4":{"name":"(anonymous_4)","line":61,"loc":{"start":{"line":61,"column":5},"end":{"line":61,"column":17}}},"5":{"name":"(anonymous_5)","line":82,"loc":{"start":{"line":82,"column":5},"end":{"line":82,"column":17}}},"6":{"name":"(anonymous_6)","line":91,"loc":{"start":{"line":91,"column":77},"end":{"line":94,"column":10}}},"7":{"name":"(anonymous_7)","line":112,"loc":{"start":{"line":112,"column":83},"end":{"line":115,"column":10}},"skip":true},"8":{"name":"(anonymous_8)","line":123,"loc":{"start":{"line":123,"column":77},"end":{"line":126,"column":10}},"skip":true},"9":{"name":"(anonymous_9)","line":139,"loc":{"start":{"line":139,"column":12},"end":{"line":139,"column":40}},"skip":true},"10":{"name":"(anonymous_10)","line":147,"loc":{"start":{"line":147,"column":77},"end":{"line":150,"column":10}},"skip":true},"11":{"name":"(anonymous_11)","line":158,"loc":{"start":{"line":158,"column":83},"end":{"line":161,"column":10}},"skip":true},"12":{"name":"(anonymous_12)","line":169,"loc":{"start":{"line":169,"column":79},"end":{"line":172,"column":10}},"skip":true},"13":{"name":"(anonymous_13)","line":180,"loc":{"start":{"line":180,"column":75},"end":{"line":183,"column":10}},"skip":true}},"statementMap":{"1":{"start":{"line":12,"column":0},"end":{"line":195,"column":5}},"2":{"start":{"line":14,"column":4},"end":{"line":14,"column":14}},"3":{"start":{"line":19,"column":4},"end":{"line":56,"column":9}},"4":{"start":{"line":21,"column":8},"end":{"line":21,"column":19}},"5":{"start":{"line":23,"column":8},"end":{"line":35,"column":13}},"6":{"start":{"line":24,"column":12},"end":{"line":34,"column":13}},"7":{"start":{"line":25,"column":16},"end":{"line":28,"column":30}},"8":{"start":{"line":30,"column":16},"end":{"line":33,"column":27}},"9":{"start":{"line":37,"column":8},"end":{"line":39,"column":21}},"10":{"start":{"line":40,"column":8},"end":{"line":53,"column":9}},"11":{"start":{"line":43,"column":12},"end":{"line":46,"column":14}},"12":{"start":{"line":47,"column":12},"end":{"line":47,"column":18}},"13":{"start":{"line":50,"column":12},"end":{"line":51,"column":33}},"14":{"start":{"line":52,"column":12},"end":{"line":52,"column":18}},"15":{"start":{"line":55,"column":8},"end":{"line":55,"column":35}},"16":{"start":{"line":61,"column":4},"end":{"line":63,"column":9}},"17":{"start":{"line":62,"column":8},"end":{"line":62,"column":15}},"18":{"start":{"line":64,"column":4},"end":{"line":77,"column":5}},"19":{"start":{"line":70,"column":8},"end":{"line":70,"column":14}},"20":{"start":{"line":76,"column":8},"end":{"line":76,"column":14}},"21":{"start":{"line":82,"column":4},"end":{"line":84,"column":9}},"22":{"start":{"line":83,"column":8},"end":{"line":83,"column":15}},"23":{"start":{"line":85,"column":4},"end":{"line":194,"column":5}},"24":{"start":{"line":91,"column":8},"end":{"line":99,"column":10}},"25":{"start":{"line":98,"column":12},"end":{"line":98,"column":35}},"26":{"start":{"line":102,"column":8},"end":{"line":104,"column":63}},"27":{"start":{"line":105,"column":8},"end":{"line":105,"column":14}},"28":{"start":{"line":112,"column":8},"end":{"line":121,"column":10},"skip":true},"29":{"start":{"line":119,"column":12},"end":{"line":119,"column":55},"skip":true},"30":{"start":{"line":120,"column":12},"end":{"line":120,"column":48},"skip":true},"31":{"start":{"line":123,"column":8},"end":{"line":136,"column":10},"skip":true},"32":{"start":{"line":130,"column":12},"end":{"line":130,"column":76},"skip":true},"33":{"start":{"line":131,"column":12},"end":{"line":131,"column":73},"skip":true},"34":{"start":{"line":132,"column":12},"end":{"line":132,"column":74},"skip":true},"35":{"start":{"line":133,"column":12},"end":{"line":133,"column":79},"skip":true},"36":{"start":{"line":134,"column":12},"end":{"line":134,"column":25},"skip":true},"37":{"start":{"line":135,"column":12},"end":{"line":135,"column":45},"skip":true},"38":{"start":{"line":138,"column":8},"end":{"line":145,"column":14},"skip":true},"39":{"start":{"line":143,"column":16},"end":{"line":143,"column":29},"skip":true},"40":{"start":{"line":144,"column":16},"end":{"line":144,"column":55},"skip":true},"41":{"start":{"line":147,"column":8},"end":{"line":156,"column":10},"skip":true},"42":{"start":{"line":154,"column":12},"end":{"line":154,"column":25},"skip":true},"43":{"start":{"line":155,"column":12},"end":{"line":155,"column":45},"skip":true},"44":{"start":{"line":158,"column":8},"end":{"line":167,"column":10},"skip":true},"45":{"start":{"line":165,"column":12},"end":{"line":165,"column":25},"skip":true},"46":{"start":{"line":166,"column":12},"end":{"line":166,"column":48},"skip":true},"47":{"start":{"line":169,"column":8},"end":{"line":178,"column":10},"skip":true},"48":{"start":{"line":176,"column":12},"end":{"line":176,"column":25},"skip":true},"49":{"start":{"line":177,"column":12},"end":{"line":177,"column":46},"skip":true},"50":{"start":{"line":180,"column":8},"end":{"line":189,"column":10},"skip":true},"51":{"start":{"line":187,"column":12},"end":{"line":187,"column":94},"skip":true},"52":{"start":{"line":188,"column":12},"end":{"line":188,"column":48},"skip":true},"53":{"start":{"line":192,"column":8},"end":{"line":192,"column":35},"skip":true},"54":{"start":{"line":193,"column":8},"end":{"line":193,"column":14},"skip":true}},"branchMap":{"1":{"line":25,"type":"binary-expr","locations":[{"start":{"line":25,"column":23},"end":{"line":25,"column":62}},{"start":{"line":26,"column":20},"end":{"line":26,"column":70}},{"start":{"line":27,"column":20},"end":{"line":27,"column":71}},{"start":{"line":28,"column":20},"end":{"line":28,"column":29}}]},"2":{"line":30,"type":"binary-expr","locations":[{"start":{"line":30,"column":23},"end":{"line":30,"column":37}},{"start":{"line":31,"column":20},"end":{"line":31,"column":61}},{"start":{"line":32,"column":20},"end":{"line":32,"column":70}},{"start":{"line":33,"column":20},"end":{"line":33,"column":26}}]},"3":{"line":37,"type":"cond-expr","locations":[{"start":{"line":38,"column":14},"end":{"line":38,"column":20}},{"start":{"line":39,"column":14},"end":{"line":39,"column":20}}]},"4":{"line":40,"type":"switch","locations":[{"start":{"line":42,"column":8},"end":{"line":47,"column":18}},{"start":{"line":49,"column":8},"end":{"line":52,"column":18}}]},"5":{"line":44,"type":"binary-expr","locations":[{"start":{"line":44,"column":16},"end":{"line":44,"column":44}},{"start":{"line":44,"column":48},"end":{"line":44,"column":66}}]},"6":{"line":50,"type":"binary-expr","locations":[{"start":{"line":50,"column":21},"end":{"line":50,"column":49}},{"start":{"line":50,"column":53},"end":{"line":50,"column":72}}]},"7":{"line":64,"type":"switch","locations":[{"start":{"line":69,"column":4},"end":{"line":70,"column":14}},{"start":{"line":75,"column":4},"end":{"line":76,"column":14}}]},"8":{"line":85,"type":"switch","locations":[{"start":{"line":90,"column":4},"end":{"line":105,"column":14}},{"start":{"line":111,"column":4},"end":{"line":193,"column":14},"skip":true}]},"9":{"line":91,"type":"binary-expr","locations":[{"start":{"line":91,"column":42},"end":{"line":91,"column":73}},{"start":{"line":91,"column":77},"end":{"line":99,"column":9}}]},"10":{"line":102,"type":"binary-expr","locations":[{"start":{"line":102,"column":18},"end":{"line":102,"column":32}},{"start":{"line":103,"column":12},"end":{"line":103,"column":53}},{"start":{"line":104,"column":12},"end":{"line":104,"column":61}}]},"11":{"line":112,"type":"binary-expr","locations":[{"start":{"line":112,"column":45},"end":{"line":112,"column":79},"skip":true},{"start":{"line":112,"column":83},"end":{"line":121,"column":9},"skip":true}]},"12":{"line":123,"type":"binary-expr","locations":[{"start":{"line":123,"column":42},"end":{"line":123,"column":73},"skip":true},{"start":{"line":123,"column":77},"end":{"line":136,"column":9},"skip":true}]},"13":{"line":138,"type":"binary-expr","locations":[{"start":{"line":138,"column":48},"end":{"line":138,"column":85},"skip":true},{"start":{"line":139,"column":12},"end":{"line":145,"column":13},"skip":true}]},"14":{"line":147,"type":"binary-expr","locations":[{"start":{"line":147,"column":42},"end":{"line":147,"column":73},"skip":true},{"start":{"line":147,"column":77},"end":{"line":156,"column":9},"skip":true}]},"15":{"line":158,"type":"binary-expr","locations":[{"start":{"line":158,"column":45},"end":{"line":158,"column":79},"skip":true},{"start":{"line":158,"column":83},"end":{"line":167,"column":9},"skip":true}]},"16":{"line":169,"type":"binary-expr","locations":[{"start":{"line":169,"column":43},"end":{"line":169,"column":75},"skip":true},{"start":{"line":169,"column":79},"end":{"line":178,"column":9},"skip":true}]},"17":{"line":180,"type":"binary-expr","locations":[{"start":{"line":180,"column":41},"end":{"line":180,"column":71},"skip":true},{"start":{"line":180,"column":75},"end":{"line":189,"column":9},"skip":true}]}},"code":["/* istanbul instrument in package npmtest_jszip */","/*jslint","    bitwise: true,","    browser: true,","    maxerr: 8,","    maxlen: 96,","    node: true,","    nomen: true,","    regexp: true,","    stupid: true","*/","(function () {","    'use strict';","    var local;","","","","    // run shared js-env code - init-before","    (function () {","        // init local","        local = {};","        // init modeJs","        local.modeJs = (function () {","            try {","                return typeof navigator.userAgent === 'string' &&","                    typeof document.querySelector('body') === 'object' &&","                    typeof XMLHttpRequest.prototype.open === 'function' &&","                    'browser';","            } catch (errorCaughtBrowser) {","                return module.exports &&","                    typeof process.versions.node === 'string' &&","                    typeof require('http').createServer === 'function' &&","                    'node';","            }","        }());","        // init global","        local.global = local.modeJs === 'browser'","            ? window","            : global;","        switch (local.modeJs) {","        // re-init local from window.local","        case 'browser':","            local = local.global.utility2.objectSetDefault(","                local.global.utility2_rollup || local.global.local,","                local.global.utility2","            );","            break;","        // re-init local from example.js","        case 'node':","            local = (local.global.utility2_rollup || require('utility2'))","                .requireReadme();","            break;","        }","        // export local","        local.global.local = local;","    }());","","","","    // run shared js-env code - function","    (function () {","        return;","    }());","    switch (local.modeJs) {","","","","    // run browser js-env code - function","    case 'browser':","        break;","","","","    // run node js-env code - function","    case 'node':","        break;","    }","","","","    // run shared js-env code - init-after","    (function () {","        return;","    }());","    switch (local.modeJs) {","","","","    // run browser js-env code - init-after","    case 'browser':","        local.testCase_browser_nullCase = local.testCase_browser_nullCase || function (","            options,","            onError","        ) {","        /*","         * this function will test browsers's null-case handling-behavior-behavior","         */","            onError(null, options);","        };","","        // run tests","        local.nop(local.modeTest &&","            document.querySelector('#testRunButton1') &&","            document.querySelector('#testRunButton1').click());","        break;","","","","    // run node js-env code - init-after","    /* istanbul ignore next */","    case 'node':","        local.testCase_buildApidoc_default = local.testCase_buildApidoc_default || function (","            options,","            onError","        ) {","        /*","         * this function will test buildApidoc's default handling-behavior-behavior","         */","            options = { modulePathList: module.paths };","            local.buildApidoc(options, onError);","        };","","        local.testCase_buildApp_default = local.testCase_buildApp_default || function (","            options,","            onError","        ) {","        /*","         * this function will test buildApp's default handling-behavior-behavior","         */","            local.testCase_buildReadme_default(options, local.onErrorThrow);","            local.testCase_buildLib_default(options, local.onErrorThrow);","            local.testCase_buildTest_default(options, local.onErrorThrow);","            local.testCase_buildCustomOrg_default(options, local.onErrorThrow);","            options = [];","            local.buildApp(options, onError);","        };","","        local.testCase_buildCustomOrg_default = local.testCase_buildCustomOrg_default ||","            function (options, onError) {","            /*","             * this function will test buildCustomOrg's default handling-behavior","             */","                options = {};","                local.buildCustomOrg(options, onError);","            };","","        local.testCase_buildLib_default = local.testCase_buildLib_default || function (","            options,","            onError","        ) {","        /*","         * this function will test buildLib's default handling-behavior","         */","            options = {};","            local.buildLib(options, onError);","        };","","        local.testCase_buildReadme_default = local.testCase_buildReadme_default || function (","            options,","            onError","        ) {","        /*","         * this function will test buildReadme's default handling-behavior-behavior","         */","            options = {};","            local.buildReadme(options, onError);","        };","","        local.testCase_buildTest_default = local.testCase_buildTest_default || function (","            options,","            onError","        ) {","        /*","         * this function will test buildTest's default handling-behavior","         */","            options = {};","            local.buildTest(options, onError);","        };","","        local.testCase_webpage_default = local.testCase_webpage_default || function (","            options,","            onError","        ) {","        /*","         * this function will test webpage's default handling-behavior","         */","            options = { modeCoverageMerge: true, url: local.serverLocalHost + '?modeTest=1' };","            local.browserTest(options, onError);","        };","","        // run test-server","        local.testRunServer(local);","        break;","    }","}());",""],"l":{"12":2,"14":2,"19":2,"21":2,"23":2,"24":2,"25":2,"30":1,"37":2,"40":2,"43":1,"47":1,"50":1,"52":1,"55":2,"61":2,"62":2,"64":2,"70":1,"76":1,"82":2,"83":2,"85":2,"91":1,"98":1,"102":1,"105":1,"112":1,"119":1,"120":1,"123":1,"130":1,"131":1,"132":1,"133":1,"134":1,"135":1,"138":1,"143":2,"144":2,"147":1,"154":2,"155":2,"158":1,"165":2,"166":2,"169":1,"176":2,"177":2,"180":1,"187":1,"188":1,"192":1,"193":1}},"/home/travis/build/npmtest/node-npmtest-jszip/lib.npmtest_jszip.js":{"path":"/home/travis/build/npmtest/node-npmtest-jszip/lib.npmtest_jszip.js","s":{"1":2,"2":2,"3":2,"4":2,"5":2,"6":2,"7":2,"8":1,"9":2,"10":2,"11":2,"12":2,"13":1,"14":1,"15":1,"16":1},"b":{"1":[2,1,1,1],"2":[1,1,1,1],"3":[1,1],"4":[2,2],"5":[1,1]},"f":{"1":2,"2":2,"3":2},"fnMap":{"1":{"name":"(anonymous_1)","line":12,"loc":{"start":{"line":12,"column":1},"end":{"line":12,"column":13}}},"2":{"name":"(anonymous_2)","line":19,"loc":{"start":{"line":19,"column":5},"end":{"line":19,"column":17}}},"3":{"name":"(anonymous_3)","line":23,"loc":{"start":{"line":23,"column":24},"end":{"line":23,"column":36}}}},"statementMap":{"1":{"start":{"line":12,"column":0},"end":{"line":53,"column":5}},"2":{"start":{"line":14,"column":4},"end":{"line":14,"column":14}},"3":{"start":{"line":19,"column":4},"end":{"line":52,"column":9}},"4":{"start":{"line":21,"column":8},"end":{"line":21,"column":19}},"5":{"start":{"line":23,"column":8},"end":{"line":35,"column":13}},"6":{"start":{"line":24,"column":12},"end":{"line":34,"column":13}},"7":{"start":{"line":25,"column":16},"end":{"line":28,"column":30}},"8":{"start":{"line":30,"column":16},"end":{"line":33,"column":27}},"9":{"start":{"line":37,"column":8},"end":{"line":39,"column":21}},"10":{"start":{"line":41,"column":8},"end":{"line":41,"column":54}},"11":{"start":{"line":43,"column":8},"end":{"line":43,"column":50}},"12":{"start":{"line":45,"column":8},"end":{"line":51,"column":9}},"13":{"start":{"line":46,"column":12},"end":{"line":46,"column":56}},"14":{"start":{"line":48,"column":12},"end":{"line":48,"column":35}},"15":{"start":{"line":49,"column":12},"end":{"line":49,"column":49}},"16":{"start":{"line":50,"column":12},"end":{"line":50,"column":43}}},"branchMap":{"1":{"line":25,"type":"binary-expr","locations":[{"start":{"line":25,"column":23},"end":{"line":25,"column":62}},{"start":{"line":26,"column":20},"end":{"line":26,"column":70}},{"start":{"line":27,"column":20},"end":{"line":27,"column":71}},{"start":{"line":28,"column":20},"end":{"line":28,"column":29}}]},"2":{"line":30,"type":"binary-expr","locations":[{"start":{"line":30,"column":23},"end":{"line":30,"column":37}},{"start":{"line":31,"column":20},"end":{"line":31,"column":61}},{"start":{"line":32,"column":20},"end":{"line":32,"column":70}},{"start":{"line":33,"column":20},"end":{"line":33,"column":26}}]},"3":{"line":37,"type":"cond-expr","locations":[{"start":{"line":38,"column":14},"end":{"line":38,"column":20}},{"start":{"line":39,"column":14},"end":{"line":39,"column":20}}]},"4":{"line":41,"type":"binary-expr","locations":[{"start":{"line":41,"column":16},"end":{"line":41,"column":44}},{"start":{"line":41,"column":48},"end":{"line":41,"column":53}}]},"5":{"line":45,"type":"if","locations":[{"start":{"line":45,"column":8},"end":{"line":45,"column":8}},{"start":{"line":45,"column":8},"end":{"line":45,"column":8}}]}},"code":["/* istanbul instrument in package npmtest_jszip */","/*jslint","    bitwise: true,","    browser: true,","    maxerr: 8,","    maxlen: 96,","    node: true,","    nomen: true,","    regexp: true,","    stupid: true","*/","(function () {","    'use strict';","    var local;","","","","    // run shared js-env code - init-before","    (function () {","        // init local","        local = {};","        // init modeJs","        local.modeJs = (function () {","            try {","                return typeof navigator.userAgent === 'string' &&","                    typeof document.querySelector('body') === 'object' &&","                    typeof XMLHttpRequest.prototype.open === 'function' &&","                    'browser';","            } catch (errorCaughtBrowser) {","                return module.exports &&","                    typeof process.versions.node === 'string' &&","                    typeof require('http').createServer === 'function' &&","                    'node';","            }","        }());","        // init global","        local.global = local.modeJs === 'browser'","            ? window","            : global;","        // init utility2_rollup","        local = local.global.utility2_rollup || local;","        // init lib","        local.local = local.npmtest_jszip = local;","        // init exports","        if (local.modeJs === 'browser') {","            local.global.utility2_npmtest_jszip = local;","        } else {","            module.exports = local;","            module.exports.__dirname = __dirname;","            module.exports.module = module;","        }","    }());","}());",""],"l":{"12":2,"14":2,"19":2,"21":2,"23":2,"24":2,"25":2,"30":1,"37":2,"41":2,"43":2,"45":2,"46":1,"48":1,"49":1,"50":1}},"/home/travis/build/npmtest/node-npmtest-jszip/example.js":{"path":"/home/travis/build/npmtest/node-npmtest-jszip/example.js","s":{"1":2,"2":2,"3":2,"4":2,"5":2,"6":2,"7":2,"8":1,"9":2,"10":2,"11":2,"12":2,"13":1,"14":2,"15":2,"16":2,"17":2,"18":2,"19":0,"20":2,"21":1,"22":1,"23":1,"24":1,"25":1,"26":0,"27":0,"28":1,"29":1,"30":2,"31":0,"32":0,"33":0,"34":1,"35":2,"36":2,"37":3,"38":3,"39":3,"40":3,"41":0,"42":3,"43":3,"44":3,"45":1,"46":3,"47":1,"48":1,"49":1,"50":1,"51":1,"52":1,"53":1,"54":1,"55":1,"56":1,"57":0,"58":1,"59":6,"60":6,"61":1,"62":2,"63":0,"64":2,"65":1,"66":1,"67":0,"68":0,"69":0,"70":0,"71":0,"72":0,"73":0,"74":0,"75":0,"76":0,"77":0,"78":0,"79":0,"80":0,"81":0,"82":0,"83":0},"b":{"1":[2,1,1,1],"2":[1,1,1,1],"3":[1,1],"4":[2,2],"5":[1,1],"6":[1,1],"7":[2,0],"8":[2,1,1,1,1,1],"9":[0,2,0],"10":[1,1],"11":[2,1,1],"12":[1,0],"13":[0,2],"14":[2,0,0,0,0,0,0],"15":[0,3],"16":[3,0],"17":[1,1],"18":[0,1],"19":[1,2,0,2],"20":[1,0],"21":[1,1],"22":[0,0],"23":[0,0],"24":[0,0],"25":[0,0],"26":[0,0],"27":[0,0],"28":[0,0]},"f":{"1":2,"2":2,"3":2,"4":2,"5":2,"6":2,"7":3,"8":3,"9":3,"10":1,"11":6,"12":0},"fnMap":{"1":{"name":"(anonymous_1)","line":26,"loc":{"start":{"line":26,"column":1},"end":{"line":26,"column":13}}},"2":{"name":"(anonymous_2)","line":33,"loc":{"start":{"line":33,"column":5},"end":{"line":33,"column":17}}},"3":{"name":"(anonymous_3)","line":37,"loc":{"start":{"line":37,"column":24},"end":{"line":37,"column":36}}},"4":{"name":"(anonymous_4)","line":69,"loc":{"start":{"line":69,"column":31},"end":{"line":69,"column":48}},"skip":true},"5":{"name":"(anonymous_5)","line":78,"loc":{"start":{"line":78,"column":26},"end":{"line":78,"column":45}},"skip":true},"6":{"name":"(anonymous_6)","line":123,"loc":{"start":{"line":123,"column":33},"end":{"line":123,"column":48}},"skip":true},"7":{"name":"(anonymous_7)","line":125,"loc":{"start":{"line":125,"column":27},"end":{"line":125,"column":39}},"skip":true},"8":{"name":"(anonymous_8)","line":133,"loc":{"start":{"line":133,"column":59},"end":{"line":133,"column":74}},"skip":true},"9":{"name":"(anonymous_9)","line":143,"loc":{"start":{"line":143,"column":45},"end":{"line":143,"column":62}},"skip":true},"10":{"name":"(anonymous_10)","line":144,"loc":{"start":{"line":144,"column":73},"end":{"line":144,"column":92}},"skip":true},"11":{"name":"(anonymous_11)","line":272,"loc":{"start":{"line":272,"column":51},"end":{"line":272,"column":77}},"skip":true},"12":{"name":"(anonymous_12)","line":315,"loc":{"start":{"line":315,"column":32},"end":{"line":315,"column":61}},"skip":true}},"statementMap":{"1":{"start":{"line":26,"column":0},"end":{"line":326,"column":5}},"2":{"start":{"line":28,"column":4},"end":{"line":28,"column":14}},"3":{"start":{"line":33,"column":4},"end":{"line":60,"column":9}},"4":{"start":{"line":35,"column":8},"end":{"line":35,"column":19}},"5":{"start":{"line":37,"column":8},"end":{"line":49,"column":13}},"6":{"start":{"line":38,"column":12},"end":{"line":48,"column":13}},"7":{"start":{"line":39,"column":16},"end":{"line":42,"column":30}},"8":{"start":{"line":44,"column":16},"end":{"line":47,"column":27}},"9":{"start":{"line":51,"column":8},"end":{"line":53,"column":21}},"10":{"start":{"line":55,"column":8},"end":{"line":57,"column":45}},"11":{"start":{"line":59,"column":8},"end":{"line":59,"column":35}},"12":{"start":{"line":61,"column":4},"end":{"line":325,"column":5}},"13":{"start":{"line":69,"column":8},"end":{"line":121,"column":10},"skip":true},"14":{"start":{"line":70,"column":12},"end":{"line":88,"column":13},"skip":true},"15":{"start":{"line":76,"column":16},"end":{"line":87,"column":19},"skip":true},"16":{"start":{"line":79,"column":20},"end":{"line":86,"column":21},"skip":true},"17":{"start":{"line":82,"column":24},"end":{"line":82,"column":43},"skip":true},"18":{"start":{"line":83,"column":24},"end":{"line":83,"column":30},"skip":true},"19":{"start":{"line":85,"column":24},"end":{"line":85,"column":49},"skip":true},"20":{"start":{"line":89,"column":12},"end":{"line":107,"column":13},"skip":true},"21":{"start":{"line":92,"column":16},"end":{"line":102,"column":17},"skip":true},"22":{"start":{"line":93,"column":20},"end":{"line":93,"column":86},"skip":true},"23":{"start":{"line":94,"column":20},"end":{"line":95,"column":45},"skip":true},"24":{"start":{"line":96,"column":20},"end":{"line":96,"column":42},"skip":true},"25":{"start":{"line":97,"column":20},"end":{"line":97,"column":48},"skip":true},"26":{"start":{"line":100,"column":20},"end":{"line":100,"column":85},"skip":true},"27":{"start":{"line":101,"column":20},"end":{"line":101,"column":96},"skip":true},"28":{"start":{"line":103,"column":16},"end":{"line":103,"column":22},"skip":true},"29":{"start":{"line":106,"column":16},"end":{"line":106,"column":22},"skip":true},"30":{"start":{"line":108,"column":12},"end":{"line":120,"column":13},"skip":true},"31":{"start":{"line":114,"column":16},"end":{"line":119,"column":17},"skip":true},"32":{"start":{"line":116,"column":20},"end":{"line":116,"column":78},"skip":true},"33":{"start":{"line":118,"column":20},"end":{"line":118,"column":47},"skip":true},"34":{"start":{"line":123,"column":8},"end":{"line":141,"column":11},"skip":true},"35":{"start":{"line":124,"column":12},"end":{"line":124,"column":54},"skip":true},"36":{"start":{"line":125,"column":12},"end":{"line":140,"column":14},"skip":true},"37":{"start":{"line":126,"column":16},"end":{"line":126,"column":28},"skip":true},"38":{"start":{"line":127,"column":16},"end":{"line":127,"column":69},"skip":true},"39":{"start":{"line":128,"column":16},"end":{"line":128,"column":75},"skip":true},"40":{"start":{"line":129,"column":16},"end":{"line":131,"column":17},"skip":true},"41":{"start":{"line":130,"column":20},"end":{"line":130,"column":27},"skip":true},"42":{"start":{"line":133,"column":16},"end":{"line":137,"column":36},"skip":true},"43":{"start":{"line":134,"column":20},"end":{"line":136,"column":55},"skip":true},"44":{"start":{"line":139,"column":16},"end":{"line":139,"column":57},"skip":true},"45":{"start":{"line":143,"column":8},"end":{"line":147,"column":11},"skip":true},"46":{"start":{"line":144,"column":12},"end":{"line":146,"column":15},"skip":true},"47":{"start":{"line":145,"column":16},"end":{"line":145,"column":70},"skip":true},"48":{"start":{"line":149,"column":8},"end":{"line":149,"column":31},"skip":true},"49":{"start":{"line":150,"column":8},"end":{"line":150,"column":14},"skip":true},"50":{"start":{"line":158,"column":8},"end":{"line":158,"column":31},"skip":true},"51":{"start":{"line":160,"column":8},"end":{"line":160,"column":33},"skip":true},"52":{"start":{"line":161,"column":8},"end":{"line":161,"column":37},"skip":true},"53":{"start":{"line":162,"column":8},"end":{"line":162,"column":35},"skip":true},"54":{"start":{"line":164,"column":8},"end":{"line":164,"column":50},"skip":true},"55":{"start":{"line":166,"column":8},"end":{"line":256,"column":2},"skip":true},"56":{"start":{"line":258,"column":8},"end":{"line":286,"column":9},"skip":true},"57":{"start":{"line":259,"column":12},"end":{"line":269,"column":14},"skip":true},"58":{"start":{"line":271,"column":12},"end":{"line":285,"column":19},"skip":true},"59":{"start":{"line":274,"column":20},"end":{"line":274,"column":35},"skip":true},"60":{"start":{"line":275,"column":20},"end":{"line":284,"column":21},"skip":true},"61":{"start":{"line":277,"column":24},"end":{"line":277,"column":64},"skip":true},"62":{"start":{"line":279,"column":24},"end":{"line":279,"column":40},"skip":true},"63":{"start":{"line":281,"column":24},"end":{"line":281,"column":40},"skip":true},"64":{"start":{"line":283,"column":24},"end":{"line":283,"column":39},"skip":true},"65":{"start":{"line":288,"column":8},"end":{"line":290,"column":9},"skip":true},"66":{"start":{"line":289,"column":12},"end":{"line":289,"column":18},"skip":true},"67":{"start":{"line":291,"column":8},"end":{"line":293,"column":54},"skip":true},"68":{"start":{"line":296,"column":8},"end":{"line":301,"column":37},"skip":true},"69":{"start":{"line":303,"column":8},"end":{"line":303,"column":82},"skip":true},"70":{"start":{"line":306,"column":8},"end":{"line":308,"column":9},"skip":true},"71":{"start":{"line":307,"column":12},"end":{"line":307,"column":82},"skip":true},"72":{"start":{"line":310,"column":8},"end":{"line":312,"column":9},"skip":true},"73":{"start":{"line":311,"column":12},"end":{"line":311,"column":18},"skip":true},"74":{"start":{"line":313,"column":8},"end":{"line":313,"column":54},"skip":true},"75":{"start":{"line":314,"column":8},"end":{"line":314,"column":69},"skip":true},"76":{"start":{"line":315,"column":8},"end":{"line":323,"column":36},"skip":true},"77":{"start":{"line":316,"column":12},"end":{"line":316,"column":61},"skip":true},"78":{"start":{"line":317,"column":12},"end":{"line":320,"column":13},"skip":true},"79":{"start":{"line":318,"column":16},"end":{"line":318,"column":75},"skip":true},"80":{"start":{"line":319,"column":16},"end":{"line":319,"column":23},"skip":true},"81":{"start":{"line":321,"column":12},"end":{"line":321,"column":38},"skip":true},"82":{"start":{"line":322,"column":12},"end":{"line":322,"column":27},"skip":true},"83":{"start":{"line":324,"column":8},"end":{"line":324,"column":14},"skip":true}},"branchMap":{"1":{"line":39,"type":"binary-expr","locations":[{"start":{"line":39,"column":23},"end":{"line":39,"column":62}},{"start":{"line":40,"column":20},"end":{"line":40,"column":70}},{"start":{"line":41,"column":20},"end":{"line":41,"column":71}},{"start":{"line":42,"column":20},"end":{"line":42,"column":29}}]},"2":{"line":44,"type":"binary-expr","locations":[{"start":{"line":44,"column":23},"end":{"line":44,"column":37}},{"start":{"line":45,"column":20},"end":{"line":45,"column":61}},{"start":{"line":46,"column":20},"end":{"line":46,"column":70}},{"start":{"line":47,"column":20},"end":{"line":47,"column":26}}]},"3":{"line":51,"type":"cond-expr","locations":[{"start":{"line":52,"column":14},"end":{"line":52,"column":20}},{"start":{"line":53,"column":14},"end":{"line":53,"column":20}}]},"4":{"line":55,"type":"binary-expr","locations":[{"start":{"line":55,"column":16},"end":{"line":55,"column":44}},{"start":{"line":55,"column":49},"end":{"line":57,"column":43}}]},"5":{"line":55,"type":"cond-expr","locations":[{"start":{"line":56,"column":14},"end":{"line":56,"column":49}},{"start":{"line":57,"column":14},"end":{"line":57,"column":43}}]},"6":{"line":61,"type":"switch","locations":[{"start":{"line":68,"column":4},"end":{"line":150,"column":14},"skip":true},{"start":{"line":156,"column":4},"end":{"line":324,"column":14},"skip":true}]},"7":{"line":70,"type":"if","locations":[{"start":{"line":70,"column":12},"end":{"line":70,"column":12},"skip":true},{"start":{"line":70,"column":12},"end":{"line":70,"column":12},"skip":true}]},"8":{"line":70,"type":"binary-expr","locations":[{"start":{"line":70,"column":16},"end":{"line":70,"column":22},"skip":true},{"start":{"line":70,"column":27},"end":{"line":70,"column":32},"skip":true},{"start":{"line":71,"column":20},"end":{"line":71,"column":39},"skip":true},{"start":{"line":72,"column":20},"end":{"line":72,"column":49},"skip":true},{"start":{"line":73,"column":20},"end":{"line":73,"column":58},"skip":true},{"start":{"line":74,"column":20},"end":{"line":74,"column":69},"skip":true}]},"9":{"line":79,"type":"switch","locations":[{"start":{"line":80,"column":20},"end":{"line":80,"column":33},"skip":true},{"start":{"line":81,"column":20},"end":{"line":83,"column":30},"skip":true},{"start":{"line":84,"column":20},"end":{"line":85,"column":49},"skip":true}]},"10":{"line":89,"type":"switch","locations":[{"start":{"line":90,"column":12},"end":{"line":103,"column":22},"skip":true},{"start":{"line":105,"column":12},"end":{"line":106,"column":22},"skip":true}]},"11":{"line":89,"type":"binary-expr","locations":[{"start":{"line":89,"column":20},"end":{"line":89,"column":25},"skip":true},{"start":{"line":89,"column":29},"end":{"line":89,"column":48},"skip":true},{"start":{"line":89,"column":52},"end":{"line":89,"column":74},"skip":true}]},"12":{"line":92,"type":"if","locations":[{"start":{"line":92,"column":16},"end":{"line":92,"column":16},"skip":true},{"start":{"line":92,"column":16},"end":{"line":92,"column":16},"skip":true}]},"13":{"line":108,"type":"if","locations":[{"start":{"line":108,"column":12},"end":{"line":108,"column":12},"skip":true},{"start":{"line":108,"column":12},"end":{"line":108,"column":12},"skip":true}]},"14":{"line":108,"type":"binary-expr","locations":[{"start":{"line":108,"column":16},"end":{"line":108,"column":61},"skip":true},{"start":{"line":108,"column":66},"end":{"line":108,"column":72},"skip":true},{"start":{"line":108,"column":77},"end":{"line":108,"column":82},"skip":true},{"start":{"line":109,"column":20},"end":{"line":109,"column":39},"skip":true},{"start":{"line":110,"column":20},"end":{"line":110,"column":49},"skip":true},{"start":{"line":111,"column":20},"end":{"line":111,"column":58},"skip":true},{"start":{"line":112,"column":20},"end":{"line":112,"column":68},"skip":true}]},"15":{"line":129,"type":"if","locations":[{"start":{"line":129,"column":16},"end":{"line":129,"column":16},"skip":true},{"start":{"line":129,"column":16},"end":{"line":129,"column":16},"skip":true}]},"16":{"line":134,"type":"cond-expr","locations":[{"start":{"line":135,"column":26},"end":{"line":135,"column":29},"skip":true},{"start":{"line":136,"column":26},"end":{"line":136,"column":54},"skip":true}]},"17":{"line":164,"type":"binary-expr","locations":[{"start":{"line":164,"column":27},"end":{"line":164,"column":43},"skip":true},{"start":{"line":164,"column":47},"end":{"line":164,"column":49},"skip":true}]},"18":{"line":258,"type":"if","locations":[{"start":{"line":258,"column":8},"end":{"line":258,"column":8},"skip":true},{"start":{"line":258,"column":8},"end":{"line":258,"column":8},"skip":true}]},"19":{"line":275,"type":"switch","locations":[{"start":{"line":276,"column":20},"end":{"line":277,"column":64},"skip":true},{"start":{"line":278,"column":20},"end":{"line":279,"column":40},"skip":true},{"start":{"line":280,"column":20},"end":{"line":281,"column":40},"skip":true},{"start":{"line":282,"column":20},"end":{"line":283,"column":39},"skip":true}]},"20":{"line":288,"type":"if","locations":[{"start":{"line":288,"column":8},"end":{"line":288,"column":8},"skip":true},{"start":{"line":288,"column":8},"end":{"line":288,"column":8},"skip":true}]},"21":{"line":288,"type":"binary-expr","locations":[{"start":{"line":288,"column":12},"end":{"line":288,"column":40},"skip":true},{"start":{"line":288,"column":44},"end":{"line":288,"column":67},"skip":true}]},"22":{"line":292,"type":"binary-expr","locations":[{"start":{"line":292,"column":12},"end":{"line":292,"column":50},"skip":true},{"start":{"line":293,"column":12},"end":{"line":293,"column":53},"skip":true}]},"23":{"line":297,"type":"binary-expr","locations":[{"start":{"line":297,"column":12},"end":{"line":297,"column":63},"skip":true},{"start":{"line":298,"column":12},"end":{"line":301,"column":36},"skip":true}]},"24":{"line":303,"type":"binary-expr","locations":[{"start":{"line":303,"column":43},"end":{"line":303,"column":75},"skip":true},{"start":{"line":303,"column":79},"end":{"line":303,"column":81},"skip":true}]},"25":{"line":306,"type":"if","locations":[{"start":{"line":306,"column":8},"end":{"line":306,"column":8},"skip":true},{"start":{"line":306,"column":8},"end":{"line":306,"column":8},"skip":true}]},"26":{"line":310,"type":"if","locations":[{"start":{"line":310,"column":8},"end":{"line":310,"column":8},"skip":true},{"start":{"line":310,"column":8},"end":{"line":310,"column":8},"skip":true}]},"27":{"line":313,"type":"binary-expr","locations":[{"start":{"line":313,"column":27},"end":{"line":313,"column":43},"skip":true},{"start":{"line":313,"column":47},"end":{"line":313,"column":53},"skip":true}]},"28":{"line":317,"type":"if","locations":[{"start":{"line":317,"column":12},"end":{"line":317,"column":12},"skip":true},{"start":{"line":317,"column":12},"end":{"line":317,"column":12},"skip":true}]}},"code":["/*","example.js","","quickstart example","","instruction","    1. save this script as example.js","    2. run the shell command:","        $ npm install npmtest-jszip && PORT=8081 node example.js","    3. play with the browser-demo on http://127.0.0.1:8081","*/","","","","/* istanbul instrument in package npmtest_jszip */","/*jslint","    bitwise: true,","    browser: true,","    maxerr: 8,","    maxlen: 96,","    node: true,","    nomen: true,","    regexp: true,","    stupid: true","*/","(function () {","    'use strict';","    var local;","","","","    // run shared js-env code - init-before","    (function () {","        // init local","        local = {};","        // init modeJs","        local.modeJs = (function () {","            try {","                return typeof navigator.userAgent === 'string' &&","                    typeof document.querySelector('body') === 'object' &&","                    typeof XMLHttpRequest.prototype.open === 'function' &&","                    'browser';","            } catch (errorCaughtBrowser) {","                return module.exports &&","                    typeof process.versions.node === 'string' &&","                    typeof require('http').createServer === 'function' &&","                    'node';","            }","        }());","        // init global","        local.global = local.modeJs === 'browser'","            ? window","            : global;","        // init utility2_rollup","        local = local.global.utility2_rollup || (local.modeJs === 'browser'","            ? local.global.utility2_npmtest_jszip","            : global.utility2_moduleExports);","        // export local","        local.global.local = local;","    }());","    switch (local.modeJs) {","","","","    // init-after","    // run browser js-env code - init-after","    /* istanbul ignore next */","    case 'browser':","        local.testRunBrowser = function (event) {","            if (!event || (event &&","                    event.currentTarget &&","                    event.currentTarget.className &&","                    event.currentTarget.className.includes &&","                    event.currentTarget.className.includes('onreset'))) {","                // reset output","                Array.from(","                    document.querySelectorAll('body > .resettable')","                ).forEach(function (element) {","                    switch (element.tagName) {","                    case 'INPUT':","                    case 'TEXTAREA':","                        element.value = '';","                        break;","                    default:","                        element.textContent = '';","                    }","                });","            }","            switch (event && event.currentTarget && event.currentTarget.id) {","            case 'testRunButton1':","                // show tests","                if (document.querySelector('#testReportDiv1').style.display === 'none') {","                    document.querySelector('#testReportDiv1').style.display = 'block';","                    document.querySelector('#testRunButton1').textContent =","                        'hide internal test';","                    local.modeTest = true;","                    local.testRunDefault(local);","                // hide tests","                } else {","                    document.querySelector('#testReportDiv1').style.display = 'none';","                    document.querySelector('#testRunButton1').textContent = 'run internal test';","                }","                break;","            // custom-case","            default:","                break;","            }","            if (document.querySelector('#inputTextareaEval1') && (!event || (event &&","                    event.currentTarget &&","                    event.currentTarget.className &&","                    event.currentTarget.className.includes &&","                    event.currentTarget.className.includes('oneval')))) {","                // try to eval input-code","                try {","                    /*jslint evil: true*/","                    eval(document.querySelector('#inputTextareaEval1').value);","                } catch (errorCaught) {","                    console.error(errorCaught);","                }","            }","        };","        // log stderr and stdout to #outputTextareaStdout1","        ['error', 'log'].forEach(function (key) {","            console[key + '_original'] = console[key];","            console[key] = function () {","                var element;","                console[key + '_original'].apply(console, arguments);","                element = document.querySelector('#outputTextareaStdout1');","                if (!element) {","                    return;","                }","                // append text to #outputTextareaStdout1","                element.value += Array.from(arguments).map(function (arg) {","                    return typeof arg === 'string'","                        ? arg","                        : JSON.stringify(arg, null, 4);","                }).join(' ') + '\\n';","                // scroll textarea to bottom","                element.scrollTop = element.scrollHeight;","            };","        });","        // init event-handling","        ['change', 'click', 'keyup'].forEach(function (event) {","            Array.from(document.querySelectorAll('.on' + event)).forEach(function (element) {","                element.addEventListener(event, local.testRunBrowser);","            });","        });","        // run tests","        local.testRunBrowser();","        break;","","","","    // run node js-env code - init-after","    /* istanbul ignore next */","    case 'node':","        // export local","        module.exports = local;","        // require modules","        local.fs = require('fs');","        local.http = require('http');","        local.url = require('url');","        // init assets","        local.assetsDict = local.assetsDict || {};","        /* jslint-ignore-begin */","        local.assetsDict['/assets.index.template.html'] = '\\","<!doctype html>\\n\\","<html lang=\"en\">\\n\\","<head>\\n\\","<meta charset=\"UTF-8\">\\n\\","<meta name=\"viewport\" content=\"width=device-width, initial-scale=1\">\\n\\","<title>{{env.npm_package_name}} (v{{env.npm_package_version}})</title>\\n\\","<style>\\n\\","/*csslint\\n\\","    box-sizing: false,\\n\\","    universal-selector: false\\n\\","*/\\n\\","* {\\n\\","    box-sizing: border-box;\\n\\","}\\n\\","body {\\n\\","    background: #dde;\\n\\","    font-family: Arial, Helvetica, sans-serif;\\n\\","    margin: 2rem;\\n\\","}\\n\\","body > * {\\n\\","    margin-bottom: 1rem;\\n\\","}\\n\\",".utility2FooterDiv {\\n\\","    margin-top: 20px;\\n\\","    text-align: center;\\n\\","}\\n\\","</style>\\n\\","<style>\\n\\","/*csslint\\n\\","*/\\n\\","textarea {\\n\\","    font-family: monospace;\\n\\","    height: 10rem;\\n\\","    width: 100%;\\n\\","}\\n\\","textarea[readonly] {\\n\\","    background: #ddd;\\n\\","}\\n\\","</style>\\n\\","</head>\\n\\","<body>\\n\\","<!-- utility2-comment\\n\\","<div id=\"ajaxProgressDiv1\" style=\"background: #d00; height: 2px; left: 0; margin: 0; padding: 0; position: fixed; top: 0; transition: background 0.5s, width 1.5s; width: 25%;\"></div>\\n\\","utility2-comment -->\\n\\","<h1>\\n\\","<!-- utility2-comment\\n\\","    <a\\n\\","        {{#if env.npm_package_homepage}}\\n\\","        href=\"{{env.npm_package_homepage}}\"\\n\\","        {{/if env.npm_package_homepage}}\\n\\","        target=\"_blank\"\\n\\","    >\\n\\","utility2-comment -->\\n\\","        {{env.npm_package_name}} (v{{env.npm_package_version}})\\n\\","<!-- utility2-comment\\n\\","    </a>\\n\\","utility2-comment -->\\n\\","</h1>\\n\\","<h3>{{env.npm_package_description}}</h3>\\n\\","<!-- utility2-comment\\n\\","<h4><a download href=\"assets.app.js\">download standalone app</a></h4>\\n\\","<button class=\"onclick onreset\" id=\"testRunButton1\">run internal test</button><br>\\n\\","<div id=\"testReportDiv1\" style=\"display: none;\"></div>\\n\\","utility2-comment -->\\n\\","\\n\\","\\n\\","\\n\\","<label>stderr and stdout</label>\\n\\","<textarea class=\"resettable\" id=\"outputTextareaStdout1\" readonly></textarea>\\n\\","<!-- utility2-comment\\n\\","{{#if isRollup}}\\n\\","<script src=\"assets.app.js\"></script>\\n\\","{{#unless isRollup}}\\n\\","utility2-comment -->\\n\\","<script src=\"assets.utility2.rollup.js\"></script>\\n\\","<script src=\"jsonp.utility2._stateInit?callback=window.utility2._stateInit\"></script>\\n\\","<script src=\"assets.npmtest_jszip.rollup.js\"></script>\\n\\","<script src=\"assets.example.js\"></script>\\n\\","<script src=\"assets.test.js\"></script>\\n\\","<!-- utility2-comment\\n\\","{{/if isRollup}}\\n\\","utility2-comment -->\\n\\","<div class=\"utility2FooterDiv\">\\n\\","    [ this app was created with\\n\\","    <a href=\"https://github.com/kaizhu256/node-utility2\" target=\"_blank\">utility2</a>\\n\\","    ]\\n\\","</div>\\n\\","</body>\\n\\","</html>\\n\\","';","        /* jslint-ignore-end */","        if (local.templateRender) {","            local.assetsDict['/'] = local.templateRender(","                local.assetsDict['/assets.index.template.html'],","                {","                    env: local.objectSetDefault(local.env, {","                        npm_package_description: 'the greatest app in the world!',","                        npm_package_name: 'my-app',","                        npm_package_nameAlias: 'my_app',","                        npm_package_version: '0.0.1'","                    })","                }","            );","        } else {","            local.assetsDict['/'] = local.assetsDict['/assets.index.template.html']","                .replace((/\\{\\{env\\.(\\w+?)\\}\\}/g), function (match0, match1) {","                    // jslint-hack","                    String(match0);","                    switch (match1) {","                    case 'npm_package_description':","                        return 'the greatest app in the world!';","                    case 'npm_package_name':","                        return 'my-app';","                    case 'npm_package_nameAlias':","                        return 'my_app';","                    case 'npm_package_version':","                        return '0.0.1';","                    }","                });","        }","        // run the cli","        if (local.global.utility2_rollup || module !== require.main) {","            break;","        }","        local.assetsDict['/assets.example.js'] =","            local.assetsDict['/assets.example.js'] ||","            local.fs.readFileSync(__filename, 'utf8');","        // bug-workaround - long $npm_package_buildCustomOrg","        /* jslint-ignore-begin */","        local.assetsDict['/assets.npmtest_jszip.rollup.js'] =","            local.assetsDict['/assets.npmtest_jszip.rollup.js'] ||","            local.fs.readFileSync(","                local.npmtest_jszip.__dirname + '/lib.npmtest_jszip.js',","                'utf8'","            ).replace((/^#!/), '//');","        /* jslint-ignore-end */","        local.assetsDict['/favicon.ico'] = local.assetsDict['/favicon.ico'] || '';","        // if $npm_config_timeout_exit exists,","        // then exit this process after $npm_config_timeout_exit ms","        if (Number(process.env.npm_config_timeout_exit)) {","            setTimeout(process.exit, Number(process.env.npm_config_timeout_exit));","        }","        // start server","        if (local.global.utility2_serverHttp1) {","            break;","        }","        process.env.PORT = process.env.PORT || '8081';","        console.error('server starting on port ' + process.env.PORT);","        local.http.createServer(function (request, response) {","            request.urlParsed = local.url.parse(request.url);","            if (local.assetsDict[request.urlParsed.pathname] !== undefined) {","                response.end(local.assetsDict[request.urlParsed.pathname]);","                return;","            }","            response.statusCode = 404;","            response.end();","        }).listen(process.env.PORT);","        break;","    }","}());",""],"l":{"26":2,"28":2,"33":2,"35":2,"37":2,"38":2,"39":2,"44":1,"51":2,"55":2,"59":2,"61":2,"69":1,"70":2,"76":2,"79":2,"82":2,"83":2,"85":1,"89":2,"92":1,"93":1,"94":1,"96":1,"97":1,"100":1,"101":1,"103":1,"106":1,"108":2,"114":1,"116":1,"118":1,"123":1,"124":2,"125":2,"126":3,"127":3,"128":3,"129":3,"130":1,"133":3,"134":3,"139":3,"143":1,"144":3,"145":1,"149":1,"150":1,"158":1,"160":1,"161":1,"162":1,"164":1,"166":1,"258":1,"259":1,"271":1,"274":6,"275":6,"277":1,"279":2,"281":1,"283":2,"288":1,"289":1,"291":1,"296":1,"303":1,"306":1,"307":1,"310":1,"311":1,"313":1,"314":1,"315":1,"316":1,"317":1,"318":1,"319":1,"321":1,"322":1,"324":1}},"/home/travis/build/npmtest/node-npmtest-jszip/node_modules/jszip/lib/index.js":{"path":"/home/travis/build/npmtest/node-npmtest-jszip/node_modules/jszip/lib/index.js","s":{"1":1,"2":0,"3":0,"4":0,"5":0,"6":0,"7":0,"8":0,"9":0,"10":0,"11":0,"12":0,"13":0,"14":0,"15":1,"16":1,"17":1,"18":1,"19":1,"20":1,"21":0,"22":1,"23":1},"b":{"1":[0,0],"2":[0,0],"3":[0,0]},"f":{"1":0,"2":0,"3":0},"fnMap":{"1":{"name":"JSZip","line":7,"loc":{"start":{"line":7,"column":0},"end":{"line":7,"column":17}}},"2":{"name":"(anonymous_2)","line":28,"loc":{"start":{"line":28,"column":17},"end":{"line":28,"column":28}}},"3":{"name":"(anonymous_3)","line":47,"loc":{"start":{"line":47,"column":18},"end":{"line":47,"column":46}}}},"statementMap":{"1":{"start":{"line":7,"column":0},"end":{"line":37,"column":1}},"2":{"start":{"line":9,"column":4},"end":{"line":11,"column":5}},"3":{"start":{"line":10,"column":8},"end":{"line":10,"column":27}},"4":{"start":{"line":13,"column":4},"end":{"line":15,"column":5}},"5":{"start":{"line":14,"column":8},"end":{"line":14,"column":122}},"6":{"start":{"line":22,"column":4},"end":{"line":22,"column":20}},"7":{"start":{"line":24,"column":4},"end":{"line":24,"column":24}},"8":{"start":{"line":27,"column":4},"end":{"line":27,"column":19}},"9":{"start":{"line":28,"column":4},"end":{"line":36,"column":6}},"10":{"start":{"line":29,"column":8},"end":{"line":29,"column":33}},"11":{"start":{"line":30,"column":8},"end":{"line":34,"column":9}},"12":{"start":{"line":31,"column":12},"end":{"line":33,"column":13}},"13":{"start":{"line":32,"column":16},"end":{"line":32,"column":36}},"14":{"start":{"line":35,"column":8},"end":{"line":35,"column":22}},"15":{"start":{"line":38,"column":0},"end":{"line":38,"column":38}},"16":{"start":{"line":39,"column":0},"end":{"line":39,"column":46}},"17":{"start":{"line":40,"column":0},"end":{"line":40,"column":37}},"18":{"start":{"line":41,"column":0},"end":{"line":41,"column":39}},"19":{"start":{"line":45,"column":0},"end":{"line":45,"column":24}},"20":{"start":{"line":47,"column":0},"end":{"line":49,"column":2}},"21":{"start":{"line":48,"column":4},"end":{"line":48,"column":51}},"22":{"start":{"line":51,"column":0},"end":{"line":51,"column":39}},"23":{"start":{"line":52,"column":0},"end":{"line":52,"column":23}}},"branchMap":{"1":{"line":9,"type":"if","locations":[{"start":{"line":9,"column":4},"end":{"line":9,"column":4}},{"start":{"line":9,"column":4},"end":{"line":9,"column":4}}]},"2":{"line":13,"type":"if","locations":[{"start":{"line":13,"column":4},"end":{"line":13,"column":4}},{"start":{"line":13,"column":4},"end":{"line":13,"column":4}}]},"3":{"line":31,"type":"if","locations":[{"start":{"line":31,"column":12},"end":{"line":31,"column":12}},{"start":{"line":31,"column":12},"end":{"line":31,"column":12}}]}},"code":["'use strict';","","/**"," * Representation a of zip file in js"," * @constructor"," */","function JSZip() {","    // if this constructor is used without `new`, it adds `new` before itself:","    if(!(this instanceof JSZip)) {","        return new JSZip();","    }","","    if(arguments.length) {","        throw new Error(\"The constructor with parameters has been removed in JSZip 3.0, please check the upgrade guide.\");","    }","","    // object containing the files :","    // {","    //   \"folder/\" : {...},","    //   \"folder/data.txt\" : {...}","    // }","    this.files = {};","","    this.comment = null;","","    // Where we are in the hierarchy","    this.root = \"\";","    this.clone = function() {","        var newObj = new JSZip();","        for (var i in this) {","            if (typeof this[i] !== \"function\") {","                newObj[i] = this[i];","            }","        }","        return newObj;","    };","}","JSZip.prototype = require('./object');","JSZip.prototype.loadAsync = require('./load');","JSZip.support = require('./support');","JSZip.defaults = require('./defaults');","","// TODO find a better way to handle this version,","// a require('package.json').version doesn't work with webpack, see #327","JSZip.version = \"3.1.3\";","","JSZip.loadAsync = function (content, options) {","    return new JSZip().loadAsync(content, options);","};","","JSZip.external = require(\"./external\");","module.exports = JSZip;",""],"l":{"7":1,"9":0,"10":0,"13":0,"14":0,"22":0,"24":0,"27":0,"28":0,"29":0,"30":0,"31":0,"32":0,"35":0,"38":1,"39":1,"40":1,"41":1,"45":1,"47":1,"48":0,"51":1,"52":1}},"/home/travis/build/npmtest/node-npmtest-jszip/node_modules/jszip/lib/object.js":{"path":"/home/travis/build/npmtest/node-npmtest-jszip/node_modules/jszip/lib/object.js","s":{"1":1,"2":1,"3":1,"4":1,"5":1,"6":1,"7":1,"8":1,"9":1,"10":1,"11":1,"12":0,"13":0,"14":0,"15":0,"16":0,"17":0,"18":0,"19":0,"20":0,"21":0,"22":0,"23":0,"24":0,"25":0,"26":0,"27":0,"28":0,"29":0,"30":0,"31":0,"32":0,"33":0,"34":0,"35":0,"36":0,"37":0,"38":0,"39":0,"40":0,"41":0,"42":0,"43":0,"44":0,"45":1,"46":0,"47":0,"48":0,"49":0,"50":1,"51":0,"52":0,"53":0,"54":1,"55":0,"56":0,"57":0,"58":0,"59":0,"60":1,"61":0,"62":1,"63":0,"64":0,"65":0,"66":0,"67":0,"68":0,"69":0,"70":0,"71":0,"72":0,"73":0,"74":0,"75":0,"76":0,"77":0,"78":0,"79":0,"80":0,"81":0,"82":0,"83":0,"84":0,"85":0,"86":0,"87":0,"88":0,"89":0,"90":0,"91":0,"92":0,"93":0,"94":0,"95":0,"96":0,"97":0,"98":0,"99":0,"100":0,"101":0,"102":0,"103":0,"104":0,"105":0,"106":0,"107":0,"108":0,"109":0,"110":0,"111":0,"112":0,"113":0,"114":0,"115":0,"116":0,"117":0,"118":0,"119":0,"120":0,"121":0,"122":0,"123":0,"124":0,"125":0,"126":0,"127":0,"128":0,"129":0,"130":0,"131":0,"132":0,"133":0,"134":0,"135":0,"136":0,"137":1},"b":{"1":[0,0],"2":[0,0],"3":[0,0],"4":[0,0],"5":[0,0],"6":[0,0],"7":[0,0],"8":[0,0],"9":[0,0],"10":[0,0],"11":[0,0],"12":[0,0,0],"13":[0,0],"14":[0,0],"15":[0,0],"16":[0,0],"17":[0,0,0,0],"18":[0,0],"19":[0,0],"20":[0,0],"21":[0,0],"22":[0,0],"23":[0,0],"24":[0,0],"25":[0,0],"26":[0,0],"27":[0,0],"28":[0,0],"29":[0,0],"30":[0,0],"31":[0,0],"32":[0,0],"33":[0,0],"34":[0,0],"35":[0,0],"36":[0,0],"37":[0,0],"38":[0,0],"39":[0,0],"40":[0,0],"41":[0,0],"42":[0,0],"43":[0,0],"44":[0,0],"45":[0,0],"46":[0,0],"47":[0,0,0,0],"48":[0,0],"49":[0,0,0],"50":[0,0],"51":[0,0],"52":[0,0]},"f":{"1":0,"2":0,"3":0,"4":0,"5":0,"6":0,"7":0,"8":0,"9":0,"10":0,"11":0,"12":0,"13":0,"14":0,"15":0,"16":0,"17":0,"18":0,"19":0},"fnMap":{"1":{"name":"(anonymous_1)","line":22,"loc":{"start":{"line":22,"column":14},"end":{"line":22,"column":52}}},"2":{"name":"(anonymous_2)","line":109,"loc":{"start":{"line":109,"column":19},"end":{"line":109,"column":35}}},"3":{"name":"(anonymous_3)","line":123,"loc":{"start":{"line":123,"column":25},"end":{"line":123,"column":40}}},"4":{"name":"(anonymous_4)","line":139,"loc":{"start":{"line":139,"column":16},"end":{"line":139,"column":46}}},"5":{"name":"isRegExp","line":160,"loc":{"start":{"line":160,"column":0},"end":{"line":160,"column":26}}},"6":{"name":"(anonymous_6)","line":169,"loc":{"start":{"line":169,"column":10},"end":{"line":169,"column":21}}},"7":{"name":"(anonymous_7)","line":180,"loc":{"start":{"line":180,"column":13},"end":{"line":180,"column":26}}},"8":{"name":"(anonymous_8)","line":201,"loc":{"start":{"line":201,"column":12},"end":{"line":201,"column":29}}},"9":{"name":"(anonymous_9)","line":203,"loc":{"start":{"line":203,"column":21},"end":{"line":203,"column":52}}},"10":{"name":"(anonymous_10)","line":221,"loc":{"start":{"line":221,"column":10},"end":{"line":221,"column":34}}},"11":{"name":"(anonymous_11)","line":225,"loc":{"start":{"line":225,"column":35},"end":{"line":225,"column":64}}},"12":{"name":"(anonymous_12)","line":250,"loc":{"start":{"line":250,"column":12},"end":{"line":250,"column":26}}},"13":{"name":"(anonymous_13)","line":256,"loc":{"start":{"line":256,"column":31},"end":{"line":256,"column":60}}},"14":{"name":"(anonymous_14)","line":276,"loc":{"start":{"line":276,"column":12},"end":{"line":276,"column":27}}},"15":{"name":"(anonymous_15)","line":292,"loc":{"start":{"line":292,"column":35},"end":{"line":292,"column":64}}},"16":{"name":"(anonymous_16)","line":310,"loc":{"start":{"line":310,"column":14},"end":{"line":310,"column":32}}},"17":{"name":"(anonymous_17)","line":321,"loc":{"start":{"line":321,"column":28},"end":{"line":321,"column":46}}},"18":{"name":"(anonymous_18)","line":374,"loc":{"start":{"line":374,"column":19},"end":{"line":374,"column":47}}},"19":{"name":"(anonymous_19)","line":381,"loc":{"start":{"line":381,"column":24},"end":{"line":381,"column":52}}}},"statementMap":{"1":{"start":{"line":2,"column":0},"end":{"line":2,"column":29}},"2":{"start":{"line":3,"column":0},"end":{"line":3,"column":31}},"3":{"start":{"line":4,"column":0},"end":{"line":4,"column":54}},"4":{"start":{"line":5,"column":0},"end":{"line":5,"column":52}},"5":{"start":{"line":6,"column":0},"end":{"line":6,"column":37}},"6":{"start":{"line":7,"column":0},"end":{"line":7,"column":53}},"7":{"start":{"line":8,"column":0},"end":{"line":8,"column":39}},"8":{"start":{"line":9,"column":0},"end":{"line":9,"column":37}},"9":{"start":{"line":10,"column":0},"end":{"line":10,"column":43}},"10":{"start":{"line":11,"column":0},"end":{"line":11,"column":76}},"11":{"start":{"line":22,"column":0},"end":{"line":101,"column":2}},"12":{"start":{"line":24,"column":4},"end":{"line":25,"column":15}},"13":{"start":{"line":32,"column":4},"end":{"line":32,"column":58}},"14":{"start":{"line":33,"column":4},"end":{"line":33,"column":34}},"15":{"start":{"line":34,"column":4},"end":{"line":36,"column":5}},"16":{"start":{"line":35,"column":8},"end":{"line":35,"column":52}},"17":{"start":{"line":38,"column":4},"end":{"line":40,"column":5}},"18":{"start":{"line":39,"column":8},"end":{"line":39,"column":59}},"19":{"start":{"line":43,"column":4},"end":{"line":45,"column":5}},"20":{"start":{"line":44,"column":8},"end":{"line":44,"column":21}},"21":{"start":{"line":47,"column":4},"end":{"line":49,"column":5}},"22":{"start":{"line":48,"column":8},"end":{"line":48,"column":21}},"23":{"start":{"line":51,"column":4},"end":{"line":53,"column":5}},"24":{"start":{"line":52,"column":8},"end":{"line":52,"column":40}},"25":{"start":{"line":54,"column":4},"end":{"line":56,"column":5}},"26":{"start":{"line":55,"column":8},"end":{"line":55,"column":43}},"27":{"start":{"line":58,"column":4},"end":{"line":58,"column":92}},"28":{"start":{"line":59,"column":4},"end":{"line":61,"column":5}},"29":{"start":{"line":60,"column":8},"end":{"line":60,"column":36}},"30":{"start":{"line":64,"column":4},"end":{"line":64,"column":94}},"31":{"start":{"line":66,"column":4},"end":{"line":72,"column":5}},"32":{"start":{"line":67,"column":8},"end":{"line":67,"column":25}},"33":{"start":{"line":68,"column":8},"end":{"line":68,"column":24}},"34":{"start":{"line":69,"column":8},"end":{"line":69,"column":18}},"35":{"start":{"line":70,"column":8},"end":{"line":70,"column":32}},"36":{"start":{"line":71,"column":8},"end":{"line":71,"column":28}},"37":{"start":{"line":78,"column":4},"end":{"line":78,"column":32}},"38":{"start":{"line":79,"column":4},"end":{"line":85,"column":5}},"39":{"start":{"line":80,"column":8},"end":{"line":80,"column":32}},"40":{"start":{"line":81,"column":11},"end":{"line":85,"column":5}},"41":{"start":{"line":82,"column":8},"end":{"line":82,"column":68}},"42":{"start":{"line":84,"column":8},"end":{"line":84,"column":105}},"43":{"start":{"line":87,"column":4},"end":{"line":87,"column":58}},"44":{"start":{"line":88,"column":4},"end":{"line":88,"column":30}},"45":{"start":{"line":109,"column":0},"end":{"line":115,"column":2}},"46":{"start":{"line":110,"column":4},"end":{"line":112,"column":5}},"47":{"start":{"line":111,"column":8},"end":{"line":111,"column":50}},"48":{"start":{"line":113,"column":4},"end":{"line":113,"column":42}},"49":{"start":{"line":114,"column":4},"end":{"line":114,"column":63}},"50":{"start":{"line":123,"column":0},"end":{"line":129,"column":2}},"51":{"start":{"line":125,"column":4},"end":{"line":127,"column":5}},"52":{"start":{"line":126,"column":8},"end":{"line":126,"column":20}},"53":{"start":{"line":128,"column":4},"end":{"line":128,"column":16}},"54":{"start":{"line":139,"column":0},"end":{"line":152,"column":2}},"55":{"start":{"line":140,"column":4},"end":{"line":140,"column":100}},"56":{"start":{"line":142,"column":4},"end":{"line":142,"column":36}},"57":{"start":{"line":145,"column":4},"end":{"line":150,"column":5}},"58":{"start":{"line":146,"column":8},"end":{"line":149,"column":11}},"59":{"start":{"line":151,"column":4},"end":{"line":151,"column":28}},"60":{"start":{"line":160,"column":0},"end":{"line":162,"column":1}},"61":{"start":{"line":161,"column":4},"end":{"line":161,"column":72}},"62":{"start":{"line":165,"column":0},"end":{"line":388,"column":2}},"63":{"start":{"line":170,"column":8},"end":{"line":170,"column":102}},"64":{"start":{"line":181,"column":8},"end":{"line":181,"column":41}},"65":{"start":{"line":182,"column":8},"end":{"line":191,"column":9}},"66":{"start":{"line":183,"column":12},"end":{"line":185,"column":13}},"67":{"start":{"line":184,"column":16},"end":{"line":184,"column":25}},"68":{"start":{"line":186,"column":12},"end":{"line":186,"column":40}},"69":{"start":{"line":187,"column":12},"end":{"line":187,"column":77}},"70":{"start":{"line":188,"column":12},"end":{"line":190,"column":13}},"71":{"start":{"line":189,"column":16},"end":{"line":189,"column":39}},"72":{"start":{"line":202,"column":8},"end":{"line":202,"column":24}},"73":{"start":{"line":203,"column":8},"end":{"line":208,"column":11}},"74":{"start":{"line":204,"column":12},"end":{"line":206,"column":13}},"75":{"start":{"line":205,"column":16},"end":{"line":205,"column":35}},"76":{"start":{"line":209,"column":8},"end":{"line":209,"column":22}},"77":{"start":{"line":222,"column":8},"end":{"line":241,"column":9}},"78":{"start":{"line":223,"column":12},"end":{"line":236,"column":13}},"79":{"start":{"line":224,"column":16},"end":{"line":224,"column":34}},"80":{"start":{"line":225,"column":16},"end":{"line":227,"column":19}},"81":{"start":{"line":226,"column":20},"end":{"line":226,"column":66}},"82":{"start":{"line":230,"column":16},"end":{"line":230,"column":55}},"83":{"start":{"line":231,"column":16},"end":{"line":235,"column":17}},"84":{"start":{"line":232,"column":20},"end":{"line":232,"column":31}},"85":{"start":{"line":234,"column":20},"end":{"line":234,"column":32}},"86":{"start":{"line":239,"column":12},"end":{"line":239,"column":36}},"87":{"start":{"line":240,"column":12},"end":{"line":240,"column":46}},"88":{"start":{"line":242,"column":8},"end":{"line":242,"column":20}},"89":{"start":{"line":251,"column":8},"end":{"line":253,"column":9}},"90":{"start":{"line":252,"column":12},"end":{"line":252,"column":24}},"91":{"start":{"line":255,"column":8},"end":{"line":259,"column":9}},"92":{"start":{"line":256,"column":12},"end":{"line":258,"column":15}},"93":{"start":{"line":257,"column":16},"end":{"line":257,"column":58}},"94":{"start":{"line":262,"column":8},"end":{"line":262,"column":35}},"95":{"start":{"line":263,"column":8},"end":{"line":263,"column":51}},"96":{"start":{"line":266,"column":8},"end":{"line":266,"column":31}},"97":{"start":{"line":267,"column":8},"end":{"line":267,"column":34}},"98":{"start":{"line":268,"column":8},"end":{"line":268,"column":19}},"99":{"start":{"line":277,"column":8},"end":{"line":277,"column":32}},"100":{"start":{"line":278,"column":8},"end":{"line":278,"column":36}},"101":{"start":{"line":279,"column":8},"end":{"line":285,"column":9}},"102":{"start":{"line":281,"column":12},"end":{"line":283,"column":13}},"103":{"start":{"line":282,"column":16},"end":{"line":282,"column":28}},"104":{"start":{"line":284,"column":12},"end":{"line":284,"column":36}},"105":{"start":{"line":287,"column":8},"end":{"line":298,"column":9}},"106":{"start":{"line":289,"column":12},"end":{"line":289,"column":36}},"107":{"start":{"line":292,"column":12},"end":{"line":294,"column":15}},"108":{"start":{"line":293,"column":16},"end":{"line":293,"column":64}},"109":{"start":{"line":295,"column":12},"end":{"line":297,"column":13}},"110":{"start":{"line":296,"column":16},"end":{"line":296,"column":48}},"111":{"start":{"line":300,"column":8},"end":{"line":300,"column":20}},"112":{"start":{"line":311,"column":8},"end":{"line":311,"column":102}},"113":{"start":{"line":322,"column":6},"end":{"line":322,"column":28}},"114":{"start":{"line":323,"column":6},"end":{"line":367,"column":7}},"115":{"start":{"line":324,"column":10},"end":{"line":333,"column":13}},"116":{"start":{"line":335,"column":10},"end":{"line":335,"column":46}},"117":{"start":{"line":336,"column":10},"end":{"line":336,"column":60}},"118":{"start":{"line":339,"column":10},"end":{"line":341,"column":11}},"119":{"start":{"line":340,"column":12},"end":{"line":340,"column":33}},"120":{"start":{"line":343,"column":10},"end":{"line":345,"column":11}},"121":{"start":{"line":344,"column":12},"end":{"line":344,"column":57}},"122":{"start":{"line":347,"column":10},"end":{"line":347,"column":40}},"123":{"start":{"line":350,"column":10},"end":{"line":357,"column":11}},"124":{"start":{"line":356,"column":14},"end":{"line":356,"column":37}},"125":{"start":{"line":358,"column":10},"end":{"line":360,"column":11}},"126":{"start":{"line":359,"column":14},"end":{"line":359,"column":36}},"127":{"start":{"line":362,"column":10},"end":{"line":362,"column":59}},"128":{"start":{"line":363,"column":10},"end":{"line":363,"column":64}},"129":{"start":{"line":365,"column":8},"end":{"line":365,"column":44}},"130":{"start":{"line":366,"column":8},"end":{"line":366,"column":24}},"131":{"start":{"line":368,"column":6},"end":{"line":368,"column":76}},"132":{"start":{"line":375,"column":8},"end":{"line":375,"column":73}},"133":{"start":{"line":382,"column":8},"end":{"line":382,"column":32}},"134":{"start":{"line":383,"column":8},"end":{"line":385,"column":9}},"135":{"start":{"line":384,"column":12},"end":{"line":384,"column":40}},"136":{"start":{"line":386,"column":8},"end":{"line":386,"column":77}},"137":{"start":{"line":389,"column":0},"end":{"line":389,"column":21}}},"branchMap":{"1":{"line":32,"type":"binary-expr","locations":[{"start":{"line":32,"column":25},"end":{"line":32,"column":40}},{"start":{"line":32,"column":44},"end":{"line":32,"column":46}}]},"2":{"line":33,"type":"binary-expr","locations":[{"start":{"line":33,"column":13},"end":{"line":33,"column":19}},{"start":{"line":33,"column":23},"end":{"line":33,"column":33}}]},"3":{"line":34,"type":"if","locations":[{"start":{"line":34,"column":4},"end":{"line":34,"column":4}},{"start":{"line":34,"column":4},"end":{"line":34,"column":4}}]},"4":{"line":38,"type":"if","locations":[{"start":{"line":38,"column":4},"end":{"line":38,"column":4}},{"start":{"line":38,"column":4},"end":{"line":38,"column":4}}]},"5":{"line":43,"type":"if","locations":[{"start":{"line":43,"column":4},"end":{"line":43,"column":4}},{"start":{"line":43,"column":4},"end":{"line":43,"column":4}}]},"6":{"line":43,"type":"binary-expr","locations":[{"start":{"line":43,"column":8},"end":{"line":43,"column":25}},{"start":{"line":43,"column":30},"end":{"line":43,"column":56}}]},"7":{"line":47,"type":"if","locations":[{"start":{"line":47,"column":4},"end":{"line":47,"column":4}},{"start":{"line":47,"column":4},"end":{"line":47,"column":4}}]},"8":{"line":47,"type":"binary-expr","locations":[{"start":{"line":47,"column":8},"end":{"line":47,"column":24}},{"start":{"line":47,"column":29},"end":{"line":47,"column":54}}]},"9":{"line":51,"type":"if","locations":[{"start":{"line":51,"column":4},"end":{"line":51,"column":4}},{"start":{"line":51,"column":4},"end":{"line":51,"column":4}}]},"10":{"line":54,"type":"if","locations":[{"start":{"line":54,"column":4},"end":{"line":54,"column":4}},{"start":{"line":54,"column":4},"end":{"line":54,"column":4}}]},"11":{"line":54,"type":"binary-expr","locations":[{"start":{"line":54,"column":8},"end":{"line":54,"column":23}},{"start":{"line":54,"column":28},"end":{"line":54,"column":55}}]},"12":{"line":58,"type":"binary-expr","locations":[{"start":{"line":58,"column":26},"end":{"line":58,"column":47}},{"start":{"line":58,"column":51},"end":{"line":58,"column":69}},{"start":{"line":58,"column":73},"end":{"line":58,"column":91}}]},"13":{"line":59,"type":"if","locations":[{"start":{"line":59,"column":4},"end":{"line":59,"column":4}},{"start":{"line":59,"column":4},"end":{"line":59,"column":4}}]},"14":{"line":59,"type":"binary-expr","locations":[{"start":{"line":59,"column":8},"end":{"line":59,"column":24}},{"start":{"line":59,"column":28},"end":{"line":59,"column":73}}]},"15":{"line":64,"type":"binary-expr","locations":[{"start":{"line":64,"column":29},"end":{"line":64,"column":61}},{"start":{"line":64,"column":66},"end":{"line":64,"column":93}}]},"16":{"line":66,"type":"if","locations":[{"start":{"line":66,"column":4},"end":{"line":66,"column":4}},{"start":{"line":66,"column":4},"end":{"line":66,"column":4}}]},"17":{"line":66,"type":"binary-expr","locations":[{"start":{"line":66,"column":8},"end":{"line":66,"column":25}},{"start":{"line":66,"column":29},"end":{"line":66,"column":34}},{"start":{"line":66,"column":38},"end":{"line":66,"column":43}},{"start":{"line":66,"column":47},"end":{"line":66,"column":64}}]},"18":{"line":79,"type":"if","locations":[{"start":{"line":79,"column":4},"end":{"line":79,"column":4}},{"start":{"line":79,"column":4},"end":{"line":79,"column":4}}]},"19":{"line":79,"type":"binary-expr","locations":[{"start":{"line":79,"column":8},"end":{"line":79,"column":40}},{"start":{"line":79,"column":44},"end":{"line":79,"column":73}}]},"20":{"line":81,"type":"if","locations":[{"start":{"line":81,"column":11},"end":{"line":81,"column":11}},{"start":{"line":81,"column":11},"end":{"line":81,"column":11}}]},"21":{"line":81,"type":"binary-expr","locations":[{"start":{"line":81,"column":15},"end":{"line":81,"column":33}},{"start":{"line":81,"column":37},"end":{"line":81,"column":63}}]},"22":{"line":110,"type":"if","locations":[{"start":{"line":110,"column":4},"end":{"line":110,"column":4}},{"start":{"line":110,"column":4},"end":{"line":110,"column":4}}]},"23":{"line":114,"type":"cond-expr","locations":[{"start":{"line":114,"column":29},"end":{"line":114,"column":57}},{"start":{"line":114,"column":60},"end":{"line":114,"column":62}}]},"24":{"line":125,"type":"if","locations":[{"start":{"line":125,"column":4},"end":{"line":125,"column":4}},{"start":{"line":125,"column":4},"end":{"line":125,"column":4}}]},"25":{"line":140,"type":"cond-expr","locations":[{"start":{"line":140,"column":61},"end":{"line":140,"column":74}},{"start":{"line":140,"column":77},"end":{"line":140,"column":99}}]},"26":{"line":145,"type":"if","locations":[{"start":{"line":145,"column":4},"end":{"line":145,"column":4}},{"start":{"line":145,"column":4},"end":{"line":145,"column":4}}]},"27":{"line":183,"type":"if","locations":[{"start":{"line":183,"column":12},"end":{"line":183,"column":12}},{"start":{"line":183,"column":12},"end":{"line":183,"column":12}}]},"28":{"line":188,"type":"if","locations":[{"start":{"line":188,"column":12},"end":{"line":188,"column":12}},{"start":{"line":188,"column":12},"end":{"line":188,"column":12}}]},"29":{"line":188,"type":"binary-expr","locations":[{"start":{"line":188,"column":16},"end":{"line":188,"column":28}},{"start":{"line":188,"column":32},"end":{"line":188,"column":81}}]},"30":{"line":204,"type":"if","locations":[{"start":{"line":204,"column":12},"end":{"line":204,"column":12}},{"start":{"line":204,"column":12},"end":{"line":204,"column":12}}]},"31":{"line":222,"type":"if","locations":[{"start":{"line":222,"column":8},"end":{"line":222,"column":8}},{"start":{"line":222,"column":8},"end":{"line":222,"column":8}}]},"32":{"line":223,"type":"if","locations":[{"start":{"line":223,"column":12},"end":{"line":223,"column":12}},{"start":{"line":223,"column":12},"end":{"line":223,"column":12}}]},"33":{"line":226,"type":"binary-expr","locations":[{"start":{"line":226,"column":27},"end":{"line":226,"column":36}},{"start":{"line":226,"column":40},"end":{"line":226,"column":65}}]},"34":{"line":231,"type":"if","locations":[{"start":{"line":231,"column":16},"end":{"line":231,"column":16}},{"start":{"line":231,"column":16},"end":{"line":231,"column":16}}]},"35":{"line":231,"type":"binary-expr","locations":[{"start":{"line":231,"column":20},"end":{"line":231,"column":23}},{"start":{"line":231,"column":27},"end":{"line":231,"column":35}}]},"36":{"line":251,"type":"if","locations":[{"start":{"line":251,"column":8},"end":{"line":251,"column":8}},{"start":{"line":251,"column":8},"end":{"line":251,"column":8}}]},"37":{"line":255,"type":"if","locations":[{"start":{"line":255,"column":8},"end":{"line":255,"column":8}},{"start":{"line":255,"column":8},"end":{"line":255,"column":8}}]},"38":{"line":257,"type":"binary-expr","locations":[{"start":{"line":257,"column":23},"end":{"line":257,"column":31}},{"start":{"line":257,"column":35},"end":{"line":257,"column":57}}]},"39":{"line":279,"type":"if","locations":[{"start":{"line":279,"column":8},"end":{"line":279,"column":8}},{"start":{"line":279,"column":8},"end":{"line":279,"column":8}}]},"40":{"line":281,"type":"if","locations":[{"start":{"line":281,"column":12},"end":{"line":281,"column":12}},{"start":{"line":281,"column":12},"end":{"line":281,"column":12}}]},"41":{"line":287,"type":"if","locations":[{"start":{"line":287,"column":8},"end":{"line":287,"column":8}},{"start":{"line":287,"column":8},"end":{"line":287,"column":8}}]},"42":{"line":287,"type":"binary-expr","locations":[{"start":{"line":287,"column":12},"end":{"line":287,"column":16}},{"start":{"line":287,"column":20},"end":{"line":287,"column":29}}]},"43":{"line":324,"type":"binary-expr","locations":[{"start":{"line":324,"column":30},"end":{"line":324,"column":37}},{"start":{"line":324,"column":41},"end":{"line":324,"column":43}}]},"44":{"line":339,"type":"if","locations":[{"start":{"line":339,"column":10},"end":{"line":339,"column":10}},{"start":{"line":339,"column":10},"end":{"line":339,"column":10}}]},"45":{"line":343,"type":"if","locations":[{"start":{"line":343,"column":10},"end":{"line":343,"column":10}},{"start":{"line":343,"column":10},"end":{"line":343,"column":10}}]},"46":{"line":350,"type":"if","locations":[{"start":{"line":350,"column":10},"end":{"line":350,"column":10}},{"start":{"line":350,"column":10},"end":{"line":350,"column":10}}]},"47":{"line":351,"type":"binary-expr","locations":[{"start":{"line":351,"column":14},"end":{"line":351,"column":40}},{"start":{"line":352,"column":14},"end":{"line":352,"column":41}},{"start":{"line":353,"column":14},"end":{"line":353,"column":39}},{"start":{"line":354,"column":14},"end":{"line":354,"column":39}}]},"48":{"line":358,"type":"if","locations":[{"start":{"line":358,"column":10},"end":{"line":358,"column":10}},{"start":{"line":358,"column":10},"end":{"line":358,"column":10}}]},"49":{"line":362,"type":"binary-expr","locations":[{"start":{"line":362,"column":24},"end":{"line":362,"column":36}},{"start":{"line":362,"column":40},"end":{"line":362,"column":52}},{"start":{"line":362,"column":56},"end":{"line":362,"column":58}}]},"50":{"line":368,"type":"binary-expr","locations":[{"start":{"line":368,"column":38},"end":{"line":368,"column":47}},{"start":{"line":368,"column":51},"end":{"line":368,"column":59}}]},"51":{"line":382,"type":"binary-expr","locations":[{"start":{"line":382,"column":18},"end":{"line":382,"column":25}},{"start":{"line":382,"column":29},"end":{"line":382,"column":31}}]},"52":{"line":383,"type":"if","locations":[{"start":{"line":383,"column":8},"end":{"line":383,"column":8}},{"start":{"line":383,"column":8},"end":{"line":383,"column":8}}]}},"code":["'use strict';","var utf8 = require('./utf8');","var utils = require('./utils');","var GenericWorker = require('./stream/GenericWorker');","var StreamHelper = require('./stream/StreamHelper');","var defaults = require('./defaults');","var CompressedObject = require('./compressedObject');","var ZipObject = require('./zipObject');","var generate = require(\"./generate\");","var nodejsUtils = require(\"./nodejsUtils\");","var NodejsStreamInputAdapter = require(\"./nodejs/NodejsStreamInputAdapter\");","","","/**"," * Add a file in the current folder."," * @private"," * @param {string} name the name of the file"," * @param {String|ArrayBuffer|Uint8Array|Buffer} data the data of the file"," * @param {Object} originalOptions the options of the file"," * @return {Object} the new file."," */","var fileAdd = function(name, data, originalOptions) {","    // be sure sub folders exist","    var dataType = utils.getTypeOf(data),","        parent;","","","    /*","     * Correct options.","     */","","    var o = utils.extend(originalOptions || {}, defaults);","    o.date = o.date || new Date();","    if (o.compression !== null) {","        o.compression = o.compression.toUpperCase();","    }","","    if (typeof o.unixPermissions === \"string\") {","        o.unixPermissions = parseInt(o.unixPermissions, 8);","    }","","    // UNX_IFDIR  0040000 see zipinfo.c","    if (o.unixPermissions && (o.unixPermissions & 0x4000)) {","        o.dir = true;","    }","    // Bit 4    Directory","    if (o.dosPermissions && (o.dosPermissions & 0x0010)) {","        o.dir = true;","    }","","    if (o.dir) {","        name = forceTrailingSlash(name);","    }","    if (o.createFolders && (parent = parentFolder(name))) {","        folderAdd.call(this, parent, true);","    }","","    var isUnicodeString = dataType === \"string\" && o.binary === false && o.base64 === false;","    if (!originalOptions || typeof originalOptions.binary === \"undefined\") {","        o.binary = !isUnicodeString;","    }","","","    var isCompressedEmpty = (data instanceof CompressedObject) && data.uncompressedSize === 0;","","    if (isCompressedEmpty || o.dir || !data || data.length === 0) {","        o.base64 = false;","        o.binary = true;","        data = \"\";","        o.compression = \"STORE\";","        dataType = \"string\";","    }","","    /*","     * Convert content to fit.","     */","","    var zipObjectContent = null;","    if (data instanc
[...]
lumn":28}},"104":{"start":{"line":259,"column":12},"end":{"line":261,"column":13}},"105":{"start":{"line":260,"column":16},"end":{"line":260,"column":28}},"106":{"start":{"line":263,"column":12},"end":{"line":263,"column":80}},"107":{"start":{"line":265,"column":8},"end":{"line":265,"column":20}},"108":{"start":{"line":273,"column":8},"end":{"line":273,"column":53}},"109":{"start":{"line":274,"column":8},"end":{"line":288,"column":9}},"110":{"start":{"line":275,"column":12},"end":{"line":275,"column":61}},"111":{"start":{"line":278,"column":12},"end":{"line":280,"column":13}},"112":{"start":{"line":279,"column":16},"end":{"line":279,"column":28}},"113":{"start":{"line":283,"column":12},"end":{"line":285,"column":13}},"114":{"start":{"line":284,"column":16},"end":{"line":284,"column":28}},"115":{"start":{"line":287,"column":12},"end":{"line":287,"column":83}},"116":{"start":{"line":289,"column":8},"end":{"line":289,"column":20}},"117":{"start":{"line":292,"column":0},"end":{"line":292,"column":26}}},"branchMap":{"1":{"line":20,"type":"if","locations":[{"start":{"line":20,"column":8},"end":{"line":20,"column":8}},{"start":{"line":20,"column":8},"end":{"line":20,"column":8}}]},"2":{"line":23,"type":"if","locations":[{"start":{"line":23,"column":8},"end":{"line":23,"column":8}},{"start":{"line":23,"column":8},"end":{"line":23,"column":8}}]},"3":{"line":88,"type":"if","locations":[{"start":{"line":88,"column":8},"end":{"line":88,"column":8}},{"start":{"line":88,"column":8},"end":{"line":88,"column":8}}]},"4":{"line":88,"type":"binary-expr","locations":[{"start":{"line":88,"column":12},"end":{"line":88,"column":38}},{"start":{"line":88,"column":42},"end":{"line":88,"column":70}}]},"5":{"line":93,"type":"if","locations":[{"start":{"line":93,"column":8},"end":{"line":93,"column":8}},{"start":{"line":93,"column":8},"end":{"line":93,"column":8}}]},"6":{"line":121,"type":"if","locations":[{"start":{"line":121,"column":8},"end":{"line":121,"column":8}},{"start":{"line":121,"column":8},"end":{"line":121,"column":8}}]},"7":{"line":143,"type":"cond-expr","locations":[{"start":{"line":143,"column":58},"end":{"line":143,"column":62}},{"start":{"line":143,"column":65},"end":{"line":143,"column":70}}]},"8":{"line":145,"type":"if","locations":[{"start":{"line":145,"column":8},"end":{"line":145,"column":8}},{"start":{"line":145,"column":8},"end":{"line":145,"column":8}}]},"9":{"line":150,"type":"if","locations":[{"start":{"line":150,"column":8},"end":{"line":150,"column":8}},{"start":{"line":150,"column":8},"end":{"line":150,"column":8}}]},"10":{"line":156,"type":"if","locations":[{"start":{"line":156,"column":8},"end":{"line":156,"column":8}},{"start":{"line":156,"column":8},"end":{"line":156,"column":8}}]},"11":{"line":156,"type":"binary-expr","locations":[{"start":{"line":156,"column":12},"end":{"line":156,"column":21}},{"start":{"line":156,"column":25},"end":{"line":156,"column":59}}]},"12":{"line":167,"type":"if","locations":[{"start":{"line":167,"column":8},"end":{"line":167,"column":8}},{"start":{"line":167,"column":8},"end":{"line":167,"column":8}}]},"13":{"line":176,"type":"if","locations":[{"start":{"line":176,"column":8},"end":{"line":176,"column":8}},{"start":{"line":176,"column":8},"end":{"line":176,"column":8}}]},"14":{"line":179,"type":"if","locations":[{"start":{"line":179,"column":8},"end":{"line":179,"column":8}},{"start":{"line":179,"column":8},"end":{"line":179,"column":8}}]},"15":{"line":182,"type":"if","locations":[{"start":{"line":182,"column":8},"end":{"line":182,"column":8}},{"start":{"line":182,"column":8},"end":{"line":182,"column":8}}]},"16":{"line":185,"type":"if","locations":[{"start":{"line":185,"column":8},"end":{"line":185,"column":8}},{"start":{"line":185,"column":8},"end":{"line":185,"column":8}}]},"17":{"line":199,"type":"if","locations":[{"start":{"line":199,"column":8},"end":{"line":199,"column":8}},{"start":{"line":199,"column":8},"end":{"line":199,"column":8}}]},"18":{"line":219,"type":"cond-expr","locations":[{"start":{"line":219,"column":51},"end":{"line":219,"column":63}},{"start":{"line":219,"column":66},"end":{"line":219,"column":73}}]},"19":{"line":220,"type":"if","locations":[{"start":{"line":220,"column":8},"end":{"line":220,"column":8}},{"start":{"line":220,"column":8},"end":{"line":220,"column":8}}]},"20":{"line":225,"type":"if","locations":[{"start":{"line":225,"column":12},"end":{"line":225,"column":12}},{"start":{"line":225,"column":12},"end":{"line":225,"column":12}}]},"21":{"line":234,"type":"if","locations":[{"start":{"line":234,"column":12},"end":{"line":234,"column":12}},{"start":{"line":234,"column":12},"end":{"line":234,"column":12}}]},"22":{"line":250,"type":"if","locations":[{"start":{"line":250,"column":8},"end":{"line":250,"column":8}},{"start":{"line":250,"column":8},"end":{"line":250,"column":8}}]},"23":{"line":254,"type":"if","locations":[{"start":{"line":254,"column":12},"end":{"line":254,"column":12}},{"start":{"line":254,"column":12},"end":{"line":254,"column":12}}]},"24":{"line":259,"type":"if","locations":[{"start":{"line":259,"column":12},"end":{"line":259,"column":12}},{"start":{"line":259,"column":12},"end":{"line":259,"column":12}}]},"25":{"line":274,"type":"if","locations":[{"start":{"line":274,"column":8},"end":{"line":274,"column":8}},{"start":{"line":274,"column":8},"end":{"line":274,"column":8}}]},"26":{"line":278,"type":"if","locations":[{"start":{"line":278,"column":12},"end":{"line":278,"column":12}},{"start":{"line":278,"column":12},"end":{"line":278,"column":12}}]},"27":{"line":283,"type":"if","locations":[{"start":{"line":283,"column":12},"end":{"line":283,"column":12}},{"start":{"line":283,"column":12},"end":{"line":283,"column":12}}]}},"code":["'use strict';","var readerFor = require('./reader/readerFor');","var utils = require('./utils');","var CompressedObject = require('./compressedObject');","var crc32fn = require('./crc32');","var utf8 = require('./utf8');","var compressions = require('./compressions');","var support = require('./support');","","var MADE_BY_DOS = 0x00;","var MADE_BY_UNIX = 0x03;","","/**"," * Find a compression registered in JSZip."," * @param {string} compressionMethod the method magic to find."," * @return {Object|null} the JSZip compression object, null if none found."," */","var findCompression = function(compressionMethod) {","    for (var method in compressions) {","        if (!compressions.hasOwnProperty(method)) {","            continue;","        }","        if (compressions[method].magic === compressionMethod) {","            return compressions[method];","        }","    }","    return null;","};","","// class ZipEntry {{{","/**"," * An entry in the zip file."," * @constructor"," * @param {Object} options Options of the current file."," * @param {Object} loadOptions Options for loading the stream."," */","function ZipEntry(options, loadOptions) {","    this.options = options;","    this.loadOptions = loadOptions;","}","ZipEntry.prototype = {","    /**","     * say if the file is encrypted.","     * @return {boolean} true if the file is encrypted, false otherwise.","     */","    isEncrypted: function() {","        // bit 1 is set","        return (this.bitFlag & 0x0001) === 0x0001;","    },","    /**","     * say if the file has utf-8 filename/comment.","     * @return {boolean} true if the filename/comment is in utf-8, false otherwise.","     */","    useUTF8: function() {","        // bit 11 is set","        return (this.bitFlag & 0x0800) === 0x0800;","    },","    /**","     * Read the local part of a zip file and add the info in this object.","     * @param {DataReader} reader the reader to use.","     */","    readLocalPart: function(reader) {","        var compression, localExtraFieldsLength;","","        // we already know everything from the central dir !","        // If the central dir data are false, we are doomed.","        // On the bright side, the local part is scary  : zip64, data descriptors, both, etc.","        // The less data we get here, the more reliable this should be.","        // Let's skip the whole header and dash to the data !","        reader.skip(22);","        // in some zip created on windows, the filename stored in the central dir contains \\ instead of /.","        // Strangely, the filename here is OK.","        // I would love to treat these zip files as corrupted (see http://www.info-zip.org/FAQ.html#backslashes","        // or APPNOTE#4.4.17.1, \"All slashes MUST be forward slashes '/'\") but there are a lot of bad zip generators...","        // Search \"unzip mismatching \"local\" filename continuing with \"central\" filename version\" on","        // the internet.","        //","        // I think I see the logic here : the central directory is used to display","        // content and the local directory is used to extract the files. Mixing / and \\","        // may be used to display \\ to windows users and use / when extracting the files.","        // Unfortunately, this lead also to some issues : http://seclists.org/fulldisclosure/2009/Sep/394","        this.fileNameLength = reader.readInt(2);","        localExtraFieldsLength = reader.readInt(2); // can't be sure this will be the same as the central dir","        // the fileName is stored as binary data, the handleUTF8 method will take care of the encoding.","        this.fileName = reader.readData(this.fileNameLength);","        reader.skip(localExtraFieldsLength);","","        if (this.compressedSize === -1 || this.uncompressedSize === -1) {","            throw new Error(\"Bug or corrupted zip : didn't get enough informations from the central directory \" + \"(compressedSize === -1 || uncompressedSize === -1)\");","        }","","        compression = findCompression(this.compressionMethod);","        if (compression === null) { // no compression found","            throw new Error(\"Corrupted zip : compression \" + utils.pretty(this.compressionMethod) + \" unknown (inner file : \" + utils.transformTo(\"string\", this.fileName) + \")\");","        }","        this.decompressed = new CompressedObject(this.compressedSize, this.uncompressedSize, this.crc32, compression, reader.readData(this.compressedSize));","    },","","    /**","     * Read the central part of a zip file and add the info in this object.","     * @param {DataReader} reader the reader to use.","     */","    readCentralPart: function(reader) {","        this.versionMadeBy = reader.readInt(2);","        reader.skip(2);","        // this.versionNeeded = reader.readInt(2);","        this.bitFlag = reader.readInt(2);","        this.compressionMethod = reader.readString(2);","        this.date = reader.readDate();","        this.crc32 = reader.readInt(4);","        this.compressedSize = reader.readInt(4);","        this.uncompressedSize = reader.readInt(4);","        var fileNameLength = reader.readInt(2);","        this.extraFieldsLength = reader.readInt(2);","        this.fileCommentLength = reader.readInt(2);","        this.diskNumberStart = reader.readInt(2);","        this.internalFileAttributes = reader.readInt(2);","        this.externalFileAttributes = reader.readInt(4);","        this.localHeaderOffset = reader.readInt(4);","","        if (this.isEncrypted()) {","            throw new Error(\"Encrypted zip are not supported\");","        }","","        // will be read in the local part, see the comments there","        reader.skip(fileNameLength);","        this.readExtraFields(reader);","        this.parseZIP64ExtraField(reader);","        this.fileComment = reader.readData(this.fileCommentLength);","    },","","    /**","     * Parse the external file attributes and get the unix/dos permissions.","     */","    processAttributes: function () {","        this.unixPermissions = null;","        this.dosPermissions = null;","        var madeBy = this.versionMadeBy >> 8;","","        // Check if we have the DOS directory flag set.","        // We look for it in the DOS and UNIX permissions","        // but some unknown platform could set it as a compatibility flag.","        this.dir = this.externalFileAttributes & 0x0010 ? true : false;","","        if(madeBy === MADE_BY_DOS) {","            // first 6 bits (0 to 5)","            this.dosPermissions = this.externalFileAttributes & 0x3F;","        }","","        if(madeBy === MADE_BY_UNIX) {","            this.unixPermissions = (this.externalFileAttributes >> 16) & 0xFFFF;","            // the octal permissions are in (this.unixPermissions & 0x01FF).toString(8);","        }","","        // fail safe : if the name ends with a / it probably means a folder","        if (!this.dir && this.fileNameStr.slice(-1) === '/') {","            this.dir = true;","        }","    },","","    /**","     * Parse the ZIP64 extra field and merge the info in the current ZipEntry.","     * @param {DataReader} reader the reader to use.","     */","    parseZIP64ExtraField: function(reader) {","","        if (!this.extraFields[0x0001]) {","            return;","        }","","        // should be something, preparing the extra reader","        var extraReader = readerFor(this.extraFields[0x0001].value);","","        // I really hope that these 64bits integer can fit in 32 bits integer, because js","        // won't let us have more.","        if (this.uncompressedSize === utils.MAX_VALUE_32BITS) {","            this.uncompressedSize = extraReader.readInt(8);","        }","        if (this.compressedSize === utils.MAX_VALUE_32BITS) {","            this.compressedSize = extraReader.readInt(8);","        }","        if (this.localHeaderOffset === utils.MAX_VALUE_32BITS) {","            this.localHeaderOffset = extraReader.readInt(8);","        }","        if (this.diskNumberStart === utils.MAX_VALUE_32BITS) {","            this.diskNumberStart = extraReader.readInt(4);","        }","    },","    /**","     * Read the central part of a zip file and add the info in this object.","     * @param {DataReader} reader the reader to use.","     */","    readExtraFields: function(reader) {","        var end = reader.index + this.extraFieldsLength,","            extraFieldId,","            extraFieldLength,","            extraFieldValue;","","        if (!this.extraFields) {","            this.extraFields = {};","        }","","        while (reader.index < end) {","            extraFieldId = reader.readInt(2);","            extraFieldLength = reader.readInt(2);","            extraFieldValue = reader.readData(extraFieldLength);","","            this.extraFields[extraFieldId] = {","                id: extraFieldId,","                length: extraFieldLength,","                value: extraFieldValue","            };","        }","    },","    /**","     * Apply an UTF8 transformation if needed.","     */","    handleUTF8: function() {","        var decodeParamType = support.uint8array ? \"uint8array\" : \"array\";","        if (this.useUTF8()) {","            this.fileNameStr = utf8.utf8decode(this.fileName);","            this.fileCommentStr = utf8.utf8decode(this.fileComment);","        } else {","            var upath = this.findExtraFieldUnicodePath();","            if (upath !== null) {","                this.fileNameStr = upath;","            } else {","                // ASCII text or unsupported code page","                var fileNameByteArray =  utils.transformTo(decodeParamType, this.fileName);","                this.fileNameStr = this.loadOptions.decodeFileName(fileNameByteArray);","            }","","            var ucomment = this.findExtraFieldUnicodeComment();","            if (ucomment !== null) {","                this.fileCommentStr = ucomment;","            } else {","                // ASCII text or unsupported code page","                var commentByteArray =  utils.transformTo(decodeParamType, this.fileComment);","                this.fileCommentStr = this.loadOptions.decodeFileName(commentByteArray);","            }","        }","    },","","    /**","     * Find the unicode path declared in the extra field, if any.","     * @return {String} the unicode path, null otherwise.","     */","    findExtraFieldUnicodePath: function() {","        var upathField = this.extraFields[0x7075];","        if (upathField) {","            var extraReader = readerFor(upathField.value);","","            // wrong version","            if (extraReader.readInt(1) !== 1) {","                return null;","            }","","            // the crc of the filename changed, this field is out of date.","            if (crc32fn(this.fileName) !== extraReader.readInt(4)) {","                return null;","            }","","            return utf8.utf8decode(extraReader.readData(upathField.length - 5));","        }","        return null;","    },","","    /**","     * Find the unicode comment declared in the extra field, if any.","     * @return {String} the unicode comment, null otherwise.","     */","    findExtraFieldUnicodeComment: function() {","        var ucommentField = this.extraFields[0x6375];","        if (ucommentField) {","            var extraReader = readerFor(ucommentField.value);","","            // wrong version","            if (extraReader.readInt(1) !== 1) {","                return null;","            }","","            // the crc of the comment changed, this field is out of date.","            if (crc32fn(this.fileComment) !== extraReader.readInt(4)) {","                return null;","            }","","            return utf8.utf8decode(extraReader.readData(ucommentField.length - 5));","        }","        return null;","    }","};","module.exports = ZipEntry;",""],"l":{"2":1,"3":1,"4":1,"5":1,"6":1,"7":1,"8":1,"10":1,"11":1,"18":1,"19":0,"20":0,"21":0,"23":0,"24":0,"27":0,"37":1,"38":0,"39":0,"41":1,"48":0,"56":0,"63":0,"70":0,"82":0,"83":0,"85":0,"86":0,"88":0,"89":0,"92":0,"93":0,"94":0,"96":0,"104":0,"105":0,"107":0,"108":0,"109":0,"110":0,"111":0,"112":0,"113":0,"114":0,"115":0,"116":0,"117":0,"118":0,"119":0,"121":0,"122":0,"126":0,"127":0,"128":0,"129":0,"136":0,"137":0,"138":0,"143":0,"145":0,"147":0,"150":0,"151":0,"156":0,"157":0,"167":0,"168":0,"172":0,"176":0,"177":0,"179":0,"180":0,"182":0,"183":0,"185":0,"186":0,"194":0,"199":0,"200":0,"203":0,"204":0,"205":0,"206":0,"208":0,"219":0,"220":0,"221":0,"222":0,"224":0,"225":0,"226":0,"229":0,"230":0,"233":0,"234":0,"235":0,"238":0,"239":0,"249":0,"250":0,"251":0,"254":0,"255":0,"259":0,"260":0,"263":0,"265":0,"273":0,"274":0,"275":0,"278":0,"279":0,"283":0,"284":0,"287":0,"289":0,"292":1}},"/home/travis/build/npmtest/node-npmtest-jszip/node_modules/jszip/lib/license_header.js":{"path":"/home/travis/build/npmtest/node-npmtest-jszip/node_modules/jszip/lib/license_header.js","s":{},"b":{},"f":{},"fnMap":{},"statementMap":{},"branchMap":{},"code":["/*!","","JSZip v__VERSION__ - A Javascript class for generating and reading zip files","<http://stuartk.com/jszip>","","(c) 2009-2016 Stuart Knightley <stuart [at] stuartk.com>","Dual licenced under the MIT license or GPLv3. See https://raw.github.com/Stuk/jszip/master/LICENSE.markdown.","","JSZip uses the library pako released under the MIT license :","https://github.com/nodeca/pako/blob/master/LICENSE","*/",""],"l":{}},"/home/travis/build/npmtest/node-npmtest-jszip/node_modules/jszip/lib/readable-stream-browser.js":{"path":"/home/travis/build/npmtest/node-npmtest-jszip/node_modules/jszip/lib/readable-stream-browser.js","s":{"1":1},"b":{},"f":{},"fnMap":{},"statementMap":{"1":{"start":{"line":9,"column":0},"end":{"line":9,"column":35}}},"branchMap":{},"code":["/*"," * This file is used by module bundlers (browserify/webpack/etc) when"," * including a stream implementation. We use \"readable-stream\" to get a"," * consistent behavior between nodejs versions but bundlers often have a shim"," * for \"stream\". Using this shim greatly improve the compatibility and greatly"," * reduce the final size of the bundle (only one stream implementation, not"," * two)."," */","module.exports = require(\"stream\");",""],"l":{"9":1}}}